{"/Users/nateaune/Documents/code/ExoMind/src/briefings/cli.ts": {"path":"/Users/nateaune/Documents/code/ExoMind/src/briefings/cli.ts","statementMap":{"0":{"start":{"line":7,"column":0},"end":{"line":7,"column":null}},"1":{"start":{"line":13,"column":0},"end":{"line":13,"column":null}},"2":{"start":{"line":21,"column":0},"end":{"line":21,"column":null}},"3":{"start":{"line":26,"column":16},"end":{"line":26,"column":31}},"4":{"start":{"line":27,"column":13},"end":{"line":27,"column":34}},"5":{"start":{"line":30,"column":2},"end":{"line":237,"column":3}},"6":{"start":{"line":31,"column":4},"end":{"line":31,"column":30}},"7":{"start":{"line":32,"column":4},"end":{"line":32,"column":26}},"8":{"start":{"line":34,"column":4},"end":{"line":233,"column":5}},"9":{"start":{"line":36,"column":21},"end":{"line":36,"column":64}},"10":{"start":{"line":38,"column":8},"end":{"line":41,"column":9}},"11":{"start":{"line":39,"column":10},"end":{"line":39,"column":77}},"12":{"start":{"line":40,"column":10},"end":{"line":40,"column":26}},"13":{"start":{"line":44,"column":8},"end":{"line":54,"column":9}},"14":{"start":{"line":46,"column":12},"end":{"line":46,"column":55}},"15":{"start":{"line":47,"column":12},"end":{"line":47,"column":18}},"16":{"start":{"line":49,"column":12},"end":{"line":49,"column":55}},"17":{"start":{"line":50,"column":12},"end":{"line":50,"column":18}},"18":{"start":{"line":52,"column":12},"end":{"line":52,"column":53}},"19":{"start":{"line":53,"column":12},"end":{"line":53,"column":18}},"20":{"start":{"line":56,"column":8},"end":{"line":56,"column":61}},"21":{"start":{"line":57,"column":8},"end":{"line":57,"column":14}},"22":{"start":{"line":61,"column":21},"end":{"line":61,"column":64}},"23":{"start":{"line":62,"column":26},"end":{"line":62,"column":33}},"24":{"start":{"line":64,"column":8},"end":{"line":67,"column":9}},"25":{"start":{"line":65,"column":10},"end":{"line":65,"column":85}},"26":{"start":{"line":66,"column":10},"end":{"line":66,"column":26}},"27":{"start":{"line":69,"column":23},"end":{"line":69,"column":61}},"28":{"start":{"line":71,"column":8},"end":{"line":76,"column":9}},"29":{"start":{"line":72,"column":10},"end":{"line":72,"column":77}},"30":{"start":{"line":74,"column":10},"end":{"line":74,"column":70}},"31":{"start":{"line":75,"column":10},"end":{"line":75,"column":26}},"32":{"start":{"line":77,"column":8},"end":{"line":77,"column":14}},"33":{"start":{"line":81,"column":8},"end":{"line":81,"column":54}},"34":{"start":{"line":82,"column":8},"end":{"line":82,"column":31}},"35":{"start":{"line":85,"column":8},"end":{"line":88,"column":11}},"36":{"start":{"line":86,"column":10},"end":{"line":86,"column":45}},"37":{"start":{"line":87,"column":10},"end":{"line":87,"column":26}},"38":{"start":{"line":89,"column":8},"end":{"line":89,"column":14}},"39":{"start":{"line":93,"column":24},"end":{"line":93,"column":53}},"40":{"start":{"line":95,"column":8},"end":{"line":102,"column":9}},"41":{"start":{"line":96,"column":10},"end":{"line":96,"column":46}},"42":{"start":{"line":98,"column":10},"end":{"line":98,"column":70}},"43":{"start":{"line":99,"column":10},"end":{"line":101,"column":13}},"44":{"start":{"line":100,"column":12},"end":{"line":100,"column":65}},"45":{"start":{"line":103,"column":8},"end":{"line":103,"column":14}},"46":{"start":{"line":107,"column":27},"end":{"line":107,"column":34}},"47":{"start":{"line":109,"column":8},"end":{"line":150,"column":9}},"48":{"start":{"line":110,"column":25},"end":{"line":110,"column":37}},"49":{"start":{"line":111,"column":10},"end":{"line":111,"column":55}},"50":{"start":{"line":112,"column":15},"end":{"line":150,"column":9}},"51":{"start":{"line":113,"column":22},"end":{"line":113,"column":29}},"52":{"start":{"line":114,"column":24},"end":{"line":114,"column":31}},"53":{"start":{"line":116,"column":10},"end":{"line":119,"column":11}},"54":{"start":{"line":117,"column":12},"end":{"line":117,"column":70}},"55":{"start":{"line":118,"column":12},"end":{"line":118,"column":28}},"56":{"start":{"line":121,"column":25},"end":{"line":121,"column":37}},"57":{"start":{"line":124,"column":23},"end":{"line":124,"column":37}},"58":{"start":{"line":125,"column":29},"end":{"line":125,"column":35}},"59":{"start":{"line":127,"column":10},"end":{"line":133,"column":11}},"60":{"start":{"line":127,"column":23},"end":{"line":127,"column":24}},"61":{"start":{"line":128,"column":12},"end":{"line":131,"column":13}},"62":{"start":{"line":129,"column":14},"end":{"line":129,"column":58}},"63":{"start":{"line":130,"column":14},"end":{"line":130,"column":30}},"64":{"start":{"line":132,"column":12},"end":{"line":132,"column":39}},"65":{"start":{"line":135,"column":26},"end":{"line":135,"column":47}},"66":{"start":{"line":138,"column":33},"end":{"line":138,"column":38}},"67":{"start":{"line":139,"column":10},"end":{"line":141,"column":70}},"68":{"start":{"line":139,"column":32},"end":{"line":139,"column":51}},"69":{"start":{"line":140,"column":15},"end":{"line":141,"column":70}},"70":{"start":{"line":140,"column":38},"end":{"line":140,"column":58}},"71":{"start":{"line":141,"column":15},"end":{"line":141,"column":70}},"72":{"start":{"line":141,"column":42},"end":{"line":141,"column":70}},"73":{"start":{"line":143,"column":10},"end":{"line":143,"column":41}},"74":{"start":{"line":145,"column":10},"end":{"line":145,"column":29}},"75":{"start":{"line":146,"column":10},"end":{"line":146,"column":59}},"76":{"start":{"line":148,"column":10},"end":{"line":148,"column":61}},"77":{"start":{"line":149,"column":10},"end":{"line":149,"column":26}},"78":{"start":{"line":151,"column":8},"end":{"line":151,"column":14}},"79":{"start":{"line":155,"column":21},"end":{"line":155,"column":43}},"80":{"start":{"line":156,"column":24},"end":{"line":156,"column":34}},"81":{"start":{"line":157,"column":26},"end":{"line":157,"column":36}},"82":{"start":{"line":158,"column":8},"end":{"line":158,"column":54}},"83":{"start":{"line":160,"column":22},"end":{"line":160,"column":64}},"84":{"start":{"line":162,"column":8},"end":{"line":162,"column":66}},"85":{"start":{"line":163,"column":8},"end":{"line":163,"column":47}},"86":{"start":{"line":164,"column":8},"end":{"line":164,"column":45}},"87":{"start":{"line":165,"column":8},"end":{"line":165,"column":49}},"88":{"start":{"line":166,"column":8},"end":{"line":166,"column":51}},"89":{"start":{"line":167,"column":8},"end":{"line":167,"column":63}},"90":{"start":{"line":168,"column":8},"end":{"line":168,"column":14}},"91":{"start":{"line":172,"column":21},"end":{"line":172,"column":43}},"92":{"start":{"line":173,"column":24},"end":{"line":173,"column":34}},"93":{"start":{"line":174,"column":26},"end":{"line":174,"column":36}},"94":{"start":{"line":175,"column":8},"end":{"line":175,"column":54}},"95":{"start":{"line":177,"column":24},"end":{"line":177,"column":68}},"96":{"start":{"line":179,"column":8},"end":{"line":179,"column":65}},"97":{"start":{"line":181,"column":8},"end":{"line":195,"column":9}},"98":{"start":{"line":182,"column":10},"end":{"line":182,"column":45}},"99":{"start":{"line":184,"column":10},"end":{"line":194,"column":13}},"100":{"start":{"line":185,"column":27},"end":{"line":185,"column":62}},"101":{"start":{"line":186,"column":25},"end":{"line":186,"column":77}},"102":{"start":{"line":187,"column":12},"end":{"line":187,"column":57}},"103":{"start":{"line":188,"column":12},"end":{"line":188,"column":53}},"104":{"start":{"line":189,"column":12},"end":{"line":189,"column":44}},"105":{"start":{"line":190,"column":12},"end":{"line":192,"column":13}},"106":{"start":{"line":191,"column":14},"end":{"line":191,"column":54}},"107":{"start":{"line":193,"column":12},"end":{"line":193,"column":28}},"108":{"start":{"line":196,"column":8},"end":{"line":196,"column":14}},"109":{"start":{"line":200,"column":8},"end":{"line":231,"column":11}},"110":{"start":{"line":232,"column":8},"end":{"line":232,"column":14}},"111":{"start":{"line":235,"column":4},"end":{"line":235,"column":35}},"112":{"start":{"line":236,"column":4},"end":{"line":236,"column":20}},"113":{"start":{"line":240,"column":0},"end":{"line":240,"column":7}}},"fnMap":{"0":{"name":"main","decl":{"start":{"line":29,"column":15},"end":{"line":29,"column":19}},"loc":{"start":{"line":29,"column":19},"end":{"line":238,"column":1}}},"1":{"name":"(anonymous_1)","decl":{"start":{"line":85,"column":29},"end":{"line":85,"column":32}},"loc":{"start":{"line":85,"column":34},"end":{"line":88,"column":9}}},"2":{"name":"(anonymous_2)","decl":{"start":{"line":99,"column":26},"end":{"line":99,"column":34}},"loc":{"start":{"line":99,"column":37},"end":{"line":101,"column":11}}},"3":{"name":"(anonymous_3)","decl":{"start":{"line":184,"column":26},"end":{"line":184,"column":31}},"loc":{"start":{"line":184,"column":34},"end":{"line":194,"column":11}}}},"branchMap":{"0":{"loc":{"start":{"line":34,"column":4},"end":{"line":233,"column":5}},"type":"switch","locations":[{"start":{"line":35,"column":6},"end":{"line":58,"column":7}},{"start":{"line":60,"column":6},"end":{"line":78,"column":7}},{"start":{"line":80,"column":6},"end":{"line":90,"column":7}},{"start":{"line":92,"column":6},"end":{"line":104,"column":7}},{"start":{"line":106,"column":6},"end":{"line":152,"column":7}},{"start":{"line":154,"column":6},"end":{"line":169,"column":7}},{"start":{"line":171,"column":6},"end":{"line":197,"column":7}},{"start":{"line":199,"column":6},"end":{"line":232,"column":14}}]},"1":{"loc":{"start":{"line":38,"column":8},"end":{"line":41,"column":9}},"type":"if","locations":[{"start":{"line":38,"column":8},"end":{"line":41,"column":9}}]},"2":{"loc":{"start":{"line":38,"column":12},"end":{"line":38,"column":69}},"type":"binary-expr","locations":[{"start":{"line":38,"column":12},"end":{"line":38,"column":17}},{"start":{"line":38,"column":21},"end":{"line":38,"column":69}}]},"3":{"loc":{"start":{"line":44,"column":8},"end":{"line":54,"column":9}},"type":"switch","locations":[{"start":{"line":45,"column":10},"end":{"line":47,"column":18}},{"start":{"line":48,"column":10},"end":{"line":50,"column":18}},{"start":{"line":51,"column":10},"end":{"line":53,"column":18}}]},"4":{"loc":{"start":{"line":64,"column":8},"end":{"line":67,"column":9}},"type":"if","locations":[{"start":{"line":64,"column":8},"end":{"line":67,"column":9}}]},"5":{"loc":{"start":{"line":64,"column":12},"end":{"line":64,"column":69}},"type":"binary-expr","locations":[{"start":{"line":64,"column":12},"end":{"line":64,"column":17}},{"start":{"line":64,"column":21},"end":{"line":64,"column":69}}]},"6":{"loc":{"start":{"line":71,"column":8},"end":{"line":76,"column":9}},"type":"if","locations":[{"start":{"line":71,"column":8},"end":{"line":76,"column":9}},{"start":{"line":73,"column":15},"end":{"line":76,"column":9}}]},"7":{"loc":{"start":{"line":95,"column":8},"end":{"line":102,"column":9}},"type":"if","locations":[{"start":{"line":95,"column":8},"end":{"line":102,"column":9}},{"start":{"line":97,"column":15},"end":{"line":102,"column":9}}]},"8":{"loc":{"start":{"line":109,"column":8},"end":{"line":150,"column":9}},"type":"if","locations":[{"start":{"line":109,"column":8},"end":{"line":150,"column":9}},{"start":{"line":112,"column":15},"end":{"line":150,"column":9}}]},"9":{"loc":{"start":{"line":112,"column":15},"end":{"line":150,"column":9}},"type":"if","locations":[{"start":{"line":112,"column":15},"end":{"line":150,"column":9}},{"start":{"line":147,"column":15},"end":{"line":150,"column":9}}]},"10":{"loc":{"start":{"line":116,"column":10},"end":{"line":119,"column":11}},"type":"if","locations":[{"start":{"line":116,"column":10},"end":{"line":119,"column":11}}]},"11":{"loc":{"start":{"line":116,"column":14},"end":{"line":116,"column":28}},"type":"binary-expr","locations":[{"start":{"line":116,"column":14},"end":{"line":116,"column":18}},{"start":{"line":116,"column":22},"end":{"line":116,"column":28}}]},"12":{"loc":{"start":{"line":128,"column":12},"end":{"line":131,"column":13}},"type":"if","locations":[{"start":{"line":128,"column":12},"end":{"line":131,"column":13}}]},"13":{"loc":{"start":{"line":139,"column":10},"end":{"line":141,"column":70}},"type":"if","locations":[{"start":{"line":139,"column":10},"end":{"line":141,"column":70}},{"start":{"line":140,"column":15},"end":{"line":141,"column":70}}]},"14":{"loc":{"start":{"line":140,"column":15},"end":{"line":141,"column":70}},"type":"if","locations":[{"start":{"line":140,"column":15},"end":{"line":141,"column":70}},{"start":{"line":141,"column":15},"end":{"line":141,"column":70}}]},"15":{"loc":{"start":{"line":141,"column":15},"end":{"line":141,"column":70}},"type":"if","locations":[{"start":{"line":141,"column":15},"end":{"line":141,"column":70}}]},"16":{"loc":{"start":{"line":155,"column":21},"end":{"line":155,"column":43}},"type":"binary-expr","locations":[{"start":{"line":155,"column":21},"end":{"line":155,"column":38}},{"start":{"line":155,"column":42},"end":{"line":155,"column":43}}]},"17":{"loc":{"start":{"line":172,"column":21},"end":{"line":172,"column":43}},"type":"binary-expr","locations":[{"start":{"line":172,"column":21},"end":{"line":172,"column":38}},{"start":{"line":172,"column":42},"end":{"line":172,"column":43}}]},"18":{"loc":{"start":{"line":181,"column":8},"end":{"line":195,"column":9}},"type":"if","locations":[{"start":{"line":181,"column":8},"end":{"line":195,"column":9}},{"start":{"line":183,"column":15},"end":{"line":195,"column":9}}]},"19":{"loc":{"start":{"line":185,"column":27},"end":{"line":185,"column":62}},"type":"cond-expr","locations":[{"start":{"line":185,"column":53},"end":{"line":185,"column":56}},{"start":{"line":185,"column":59},"end":{"line":185,"column":62}}]},"20":{"loc":{"start":{"line":186,"column":25},"end":{"line":186,"column":77}},"type":"cond-expr","locations":[{"start":{"line":186,"column":40},"end":{"line":186,"column":69}},{"start":{"line":186,"column":72},"end":{"line":186,"column":77}}]},"21":{"loc":{"start":{"line":190,"column":12},"end":{"line":192,"column":13}},"type":"if","locations":[{"start":{"line":190,"column":12},"end":{"line":192,"column":13}}]}},"s":{"0":0,"1":0,"2":0,"3":0,"4":0,"5":0,"6":0,"7":0,"8":0,"9":0,"10":0,"11":0,"12":0,"13":0,"14":0,"15":0,"16":0,"17":0,"18":0,"19":0,"20":0,"21":0,"22":0,"23":0,"24":0,"25":0,"26":0,"27":0,"28":0,"29":0,"30":0,"31":0,"32":0,"33":0,"34":0,"35":0,"36":0,"37":0,"38":0,"39":0,"40":0,"41":0,"42":0,"43":0,"44":0,"45":0,"46":0,"47":0,"48":0,"49":0,"50":0,"51":0,"52":0,"53":0,"54":0,"55":0,"56":0,"57":0,"58":0,"59":0,"60":0,"61":0,"62":0,"63":0,"64":0,"65":0,"66":0,"67":0,"68":0,"69":0,"70":0,"71":0,"72":0,"73":0,"74":0,"75":0,"76":0,"77":0,"78":0,"79":0,"80":0,"81":0,"82":0,"83":0,"84":0,"85":0,"86":0,"87":0,"88":0,"89":0,"90":0,"91":0,"92":0,"93":0,"94":0,"95":0,"96":0,"97":0,"98":0,"99":0,"100":0,"101":0,"102":0,"103":0,"104":0,"105":0,"106":0,"107":0,"108":0,"109":0,"110":0,"111":0,"112":0,"113":0},"f":{"0":0,"1":0,"2":0,"3":0},"b":{"0":[0,0,0,0,0,0,0,0],"1":[0],"2":[0,0],"3":[0,0,0],"4":[0],"5":[0,0],"6":[0,0],"7":[0,0],"8":[0,0],"9":[0,0],"10":[0],"11":[0,0],"12":[0],"13":[0,0],"14":[0,0],"15":[0],"16":[0,0],"17":[0,0],"18":[0,0],"19":[0,0],"20":[0,0],"21":[0]}}
,"/Users/nateaune/Documents/code/ExoMind/src/briefings/generator.ts": {"path":"/Users/nateaune/Documents/code/ExoMind/src/briefings/generator.ts","statementMap":{"0":{"start":{"line":18,"column":0},"end":{"line":18,"column":7}},"1":{"start":{"line":45,"column":0},"end":{"line":45,"column":7}},"2":{"start":{"line":73,"column":0},"end":{"line":73,"column":7}},"3":{"start":{"line":325,"column":0},"end":{"line":325,"column":16}},"4":{"start":{"line":5,"column":0},"end":{"line":5,"column":25}},"5":{"start":{"line":6,"column":0},"end":{"line":6,"column":29}},"6":{"start":{"line":8,"column":0},"end":{"line":8,"column":45}},"7":{"start":{"line":10,"column":19},"end":{"line":10,"column":53}},"8":{"start":{"line":11,"column":23},"end":{"line":11,"column":58}},"9":{"start":{"line":12,"column":19},"end":{"line":12,"column":54}},"10":{"start":{"line":13,"column":22},"end":{"line":13,"column":60}},"11":{"start":{"line":19,"column":18},"end":{"line":19,"column":41}},"12":{"start":{"line":22,"column":21},"end":{"line":22,"column":56}},"13":{"start":{"line":23,"column":17},"end":{"line":23,"column":45}},"14":{"start":{"line":24,"column":16},"end":{"line":24,"column":45}},"15":{"start":{"line":26,"column":36},"end":{"line":36,"column":4}},"16":{"start":{"line":33,"column":31},"end":{"line":33,"column":52}},"17":{"start":{"line":38,"column":2},"end":{"line":38,"column":55}},"18":{"start":{"line":39,"column":2},"end":{"line":39,"column":18}},"19":{"start":{"line":46,"column":18},"end":{"line":46,"column":41}},"20":{"start":{"line":49,"column":19},"end":{"line":49,"column":46}},"21":{"start":{"line":50,"column":29},"end":{"line":50,"column":64}},"22":{"start":{"line":51,"column":26},"end":{"line":51,"column":53}},"23":{"start":{"line":53,"column":36},"end":{"line":64,"column":4}},"24":{"start":{"line":66,"column":2},"end":{"line":66,"column":55}},"25":{"start":{"line":67,"column":2},"end":{"line":67,"column":18}},"26":{"start":{"line":74,"column":20},"end":{"line":74,"column":38}},"27":{"start":{"line":77,"column":29},"end":{"line":77,"column":31}},"28":{"start":{"line":78,"column":35},"end":{"line":78,"column":37}},"29":{"start":{"line":79,"column":32},"end":{"line":79,"column":34}},"30":{"start":{"line":80,"column":36},"end":{"line":80,"column":38}},"31":{"start":{"line":82,"column":2},"end":{"line":92,"column":3}},"32":{"start":{"line":83,"column":20},"end":{"line":83,"column":47}},"33":{"start":{"line":84,"column":21},"end":{"line":84,"column":48}},"34":{"start":{"line":86,"column":4},"end":{"line":91,"column":5}},"35":{"start":{"line":87,"column":6},"end":{"line":87,"column":46}},"36":{"start":{"line":88,"column":6},"end":{"line":88,"column":58}},"37":{"start":{"line":89,"column":6},"end":{"line":89,"column":48}},"38":{"start":{"line":90,"column":6},"end":{"line":90,"column":60}},"39":{"start":{"line":94,"column":36},"end":{"line":104,"column":4}},"40":{"start":{"line":106,"column":2},"end":{"line":106,"column":55}},"41":{"start":{"line":107,"column":2},"end":{"line":107,"column":18}},"42":{"start":{"line":114,"column":19},"end":{"line":114,"column":46}},"43":{"start":{"line":116,"column":2},"end":{"line":118,"column":3}},"44":{"start":{"line":117,"column":4},"end":{"line":117,"column":31}},"45":{"start":{"line":121,"column":16},"end":{"line":121,"column":45}},"46":{"start":{"line":122,"column":2},"end":{"line":122,"column":45}},"47":{"start":{"line":122,"column":24},"end":{"line":122,"column":31}},"48":{"start":{"line":129,"column":19},"end":{"line":129,"column":34}},"49":{"start":{"line":130,"column":2},"end":{"line":130,"column":43}},"50":{"start":{"line":131,"column":18},"end":{"line":131,"column":45}},"51":{"start":{"line":133,"column":19},"end":{"line":133,"column":46}},"52":{"start":{"line":135,"column":2},"end":{"line":137,"column":3}},"53":{"start":{"line":136,"column":4},"end":{"line":136,"column":31}},"54":{"start":{"line":140,"column":2},"end":{"line":144,"column":4}},"55":{"start":{"line":151,"column":2},"end":{"line":174,"column":3}},"56":{"start":{"line":152,"column":4},"end":{"line":154,"column":5}},"57":{"start":{"line":153,"column":6},"end":{"line":153,"column":16}},"58":{"start":{"line":156,"column":25},"end":{"line":156,"column":76}},"59":{"start":{"line":157,"column":21},"end":{"line":157,"column":53}},"60":{"start":{"line":160,"column":25},"end":{"line":163,"column":12}},"61":{"start":{"line":161,"column":24},"end":{"line":161,"column":73}},"62":{"start":{"line":162,"column":6},"end":{"line":162,"column":36}},"63":{"start":{"line":165,"column":4},"end":{"line":170,"column":8}},"64":{"start":{"line":165,"column":45},"end":{"line":170,"column":6}},"65":{"start":{"line":172,"column":4},"end":{"line":172,"column":59}},"66":{"start":{"line":173,"column":4},"end":{"line":173,"column":14}},"67":{"start":{"line":181,"column":2},"end":{"line":193,"column":3}},"68":{"start":{"line":182,"column":4},"end":{"line":184,"column":5}},"69":{"start":{"line":183,"column":6},"end":{"line":183,"column":16}},"70":{"start":{"line":186,"column":22},"end":{"line":186,"column":70}},"71":{"start":{"line":187,"column":30},"end":{"line":187,"column":51}},"72":{"start":{"line":189,"column":4},"end":{"line":189,"column":80}},"73":{"start":{"line":189,"column":29},"end":{"line":189,"column":78}},"74":{"start":{"line":191,"column":4},"end":{"line":191,"column":49}},"75":{"start":{"line":192,"column":4},"end":{"line":192,"column":14}},"76":{"start":{"line":200,"column":2},"end":{"line":212,"column":3}},"77":{"start":{"line":201,"column":4},"end":{"line":203,"column":5}},"78":{"start":{"line":202,"column":6},"end":{"line":202,"column":16}},"79":{"start":{"line":205,"column":22},"end":{"line":205,"column":70}},"80":{"start":{"line":206,"column":30},"end":{"line":206,"column":51}},"81":{"start":{"line":208,"column":4},"end":{"line":208,"column":55}},"82":{"start":{"line":208,"column":29},"end":{"line":208,"column":53}},"83":{"start":{"line":210,"column":4},"end":{"line":210,"column":49}},"84":{"start":{"line":211,"column":4},"end":{"line":211,"column":14}},"85":{"start":{"line":219,"column":2},"end":{"line":230,"column":3}},"86":{"start":{"line":220,"column":20},"end":{"line":220,"column":64}},"87":{"start":{"line":222,"column":4},"end":{"line":224,"column":5}},"88":{"start":{"line":223,"column":6},"end":{"line":223,"column":18}},"89":{"start":{"line":226,"column":4},"end":{"line":226,"column":57}},"90":{"start":{"line":228,"column":4},"end":{"line":228,"column":68}},"91":{"start":{"line":229,"column":4},"end":{"line":229,"column":16}},"92":{"start":{"line":237,"column":18},"end":{"line":243,"column":4}},"93":{"start":{"line":246,"column":19},"end":{"line":246,"column":58}},"94":{"start":{"line":246,"column":38},"end":{"line":246,"column":57}},"95":{"start":{"line":247,"column":2},"end":{"line":247,"column":30}},"96":{"start":{"line":254,"column":15},"end":{"line":254,"column":30}},"97":{"start":{"line":256,"column":2},"end":{"line":256,"column":39}},"98":{"start":{"line":256,"column":17},"end":{"line":256,"column":39}},"99":{"start":{"line":257,"column":2},"end":{"line":257,"column":41}},"100":{"start":{"line":257,"column":17},"end":{"line":257,"column":41}},"101":{"start":{"line":258,"column":2},"end":{"line":258,"column":24}},"102":{"start":{"line":265,"column":15},"end":{"line":265,"column":33}},"103":{"start":{"line":266,"column":16},"end":{"line":266,"column":60}},"104":{"start":{"line":267,"column":14},"end":{"line":267,"column":53}},"105":{"start":{"line":268,"column":2},"end":{"line":268,"column":35}},"106":{"start":{"line":275,"column":16},"end":{"line":275,"column":31}},"107":{"start":{"line":276,"column":18},"end":{"line":276,"column":35}},"108":{"start":{"line":277,"column":15},"end":{"line":277,"column":40}},"109":{"start":{"line":278,"column":23},"end":{"line":278,"column":39}},"110":{"start":{"line":279,"column":25},"end":{"line":279,"column":57}},"111":{"start":{"line":281,"column":2},"end":{"line":281,"column":53}},"112":{"start":{"line":288,"column":17},"end":{"line":288,"column":48}},"113":{"start":{"line":289,"column":19},"end":{"line":289,"column":45}},"114":{"start":{"line":291,"column":2},"end":{"line":293,"column":3}},"115":{"start":{"line":292,"column":4},"end":{"line":292,"column":26}},"116":{"start":{"line":295,"column":16},"end":{"line":295,"column":41}},"117":{"start":{"line":296,"column":15},"end":{"line":296,"column":28}},"118":{"start":{"line":298,"column":2},"end":{"line":300,"column":3}},"119":{"start":{"line":299,"column":4},"end":{"line":299,"column":23}},"120":{"start":{"line":302,"column":2},"end":{"line":302,"column":30}},"121":{"start":{"line":309,"column":24},"end":{"line":309,"column":26}},"122":{"start":{"line":310,"column":22},"end":{"line":310,"column":36}},"123":{"start":{"line":311,"column":2},"end":{"line":311,"column":54}},"124":{"start":{"line":313,"column":2},"end":{"line":317,"column":3}},"125":{"start":{"line":313,"column":15},"end":{"line":313,"column":16}},"126":{"start":{"line":314,"column":21},"end":{"line":314,"column":42}},"127":{"start":{"line":315,"column":4},"end":{"line":315,"column":48}},"128":{"start":{"line":316,"column":4},"end":{"line":316,"column":25}},"129":{"start":{"line":319,"column":2},"end":{"line":319,"column":15}},"130":{"start":{"line":326,"column":2},"end":{"line":328,"column":3}},"131":{"start":{"line":327,"column":4},"end":{"line":327,"column":50}},"132":{"start":{"line":330,"column":2},"end":{"line":332,"column":3}},"133":{"start":{"line":331,"column":4},"end":{"line":331,"column":54}}},"fnMap":{"0":{"name":"generateMorningBriefing","decl":{"start":{"line":18,"column":22},"end":{"line":18,"column":45}},"loc":{"start":{"line":18,"column":69},"end":{"line":40,"column":1}}},"1":{"name":"(anonymous_10)","decl":{"start":{"line":33,"column":26},"end":{"line":33,"column":27}},"loc":{"start":{"line":33,"column":31},"end":{"line":33,"column":52}}},"2":{"name":"generateEveningBriefing","decl":{"start":{"line":45,"column":22},"end":{"line":45,"column":45}},"loc":{"start":{"line":45,"column":69},"end":{"line":68,"column":1}}},"3":{"name":"generateWeeklySummary","decl":{"start":{"line":73,"column":22},"end":{"line":73,"column":43}},"loc":{"start":{"line":73,"column":67},"end":{"line":108,"column":1}}},"4":{"name":"loadTodaysPriorities","decl":{"start":{"line":113,"column":15},"end":{"line":113,"column":35}},"loc":{"start":{"line":113,"column":51},"end":{"line":123,"column":1}}},"5":{"name":"(anonymous_14)","decl":{"start":{"line":122,"column":19},"end":{"line":122,"column":20}},"loc":{"start":{"line":122,"column":24},"end":{"line":122,"column":31}}},"6":{"name":"loadTomorrowsPriorities","decl":{"start":{"line":128,"column":15},"end":{"line":128,"column":38}},"loc":{"start":{"line":128,"column":50},"end":{"line":145,"column":1}}},"7":{"name":"loadTodaysEvents","decl":{"start":{"line":150,"column":15},"end":{"line":150,"column":31}},"loc":{"start":{"line":150,"column":42},"end":{"line":175,"column":1}}},"8":{"name":"(anonymous_17)","decl":{"start":{"line":160,"column":53},"end":{"line":160,"column":54}},"loc":{"start":{"line":160,"column":68},"end":{"line":163,"column":5}}},"9":{"name":"(anonymous_18)","decl":{"start":{"line":165,"column":28},"end":{"line":165,"column":29}},"loc":{"start":{"line":165,"column":45},"end":{"line":170,"column":6}}},"10":{"name":"loadHighPriorityTasks","decl":{"start":{"line":180,"column":15},"end":{"line":180,"column":36}},"loc":{"start":{"line":180,"column":36},"end":{"line":194,"column":1}}},"11":{"name":"(anonymous_20)","decl":{"start":{"line":189,"column":24},"end":{"line":189,"column":25}},"loc":{"start":{"line":189,"column":29},"end":{"line":189,"column":78}}},"12":{"name":"loadUnfinishedTasks","decl":{"start":{"line":199,"column":15},"end":{"line":199,"column":34}},"loc":{"start":{"line":199,"column":34},"end":{"line":213,"column":1}}},"13":{"name":"(anonymous_22)","decl":{"start":{"line":208,"column":24},"end":{"line":208,"column":25}},"loc":{"start":{"line":208,"column":29},"end":{"line":208,"column":53}}},"14":{"name":"loadDailyLog","decl":{"start":{"line":218,"column":15},"end":{"line":218,"column":27}},"loc":{"start":{"line":218,"column":43},"end":{"line":231,"column":1}}},"15":{"name":"generateReflectionPrompts","decl":{"start":{"line":236,"column":9},"end":{"line":236,"column":34}},"loc":{"start":{"line":236,"column":34},"end":{"line":248,"column":1}}},"16":{"name":"(anonymous_25)","decl":{"start":{"line":246,"column":32},"end":{"line":246,"column":35}},"loc":{"start":{"line":246,"column":38},"end":{"line":246,"column":57}}},"17":{"name":"getTimeBasedGreeting","decl":{"start":{"line":253,"column":9},"end":{"line":253,"column":29}},"loc":{"start":{"line":253,"column":40},"end":{"line":259,"column":1}}},"18":{"name":"formatDateForFile","decl":{"start":{"line":264,"column":9},"end":{"line":264,"column":26}},"loc":{"start":{"line":264,"column":37},"end":{"line":269,"column":1}}},"19":{"name":"formatEventTime","decl":{"start":{"line":274,"column":9},"end":{"line":274,"column":24}},"loc":{"start":{"line":274,"column":35},"end":{"line":282,"column":1}}},"20":{"name":"calculateDuration","decl":{"start":{"line":287,"column":9},"end":{"line":287,"column":26}},"loc":{"start":{"line":287,"column":49},"end":{"line":303,"column":1}}},"21":{"name":"getWeekDates","decl":{"start":{"line":308,"column":9},"end":{"line":308,"column":21}},"loc":{"start":{"line":308,"column":32},"end":{"line":320,"column":1}}},"22":{"name":"ensureMemoryDirectories","decl":{"start":{"line":325,"column":16},"end":{"line":325,"column":39}},"loc":{"start":{"line":325,"column":39},"end":{"line":333,"column":1}}}},"branchMap":{"0":{"loc":{"start":{"line":18,"column":46},"end":{"line":18,"column":69}},"type":"default-arg","locations":[{"start":{"line":18,"column":59},"end":{"line":18,"column":69}}]},"1":{"loc":{"start":{"line":45,"column":46},"end":{"line":45,"column":69}},"type":"default-arg","locations":[{"start":{"line":45,"column":59},"end":{"line":45,"column":69}}]},"2":{"loc":{"start":{"line":57,"column":12},"end":{"line":57,"column":32}},"type":"binary-expr","locations":[{"start":{"line":57,"column":12},"end":{"line":57,"column":26}},{"start":{"line":57,"column":30},"end":{"line":57,"column":32}}]},"3":{"loc":{"start":{"line":58,"column":19},"end":{"line":58,"column":71}},"type":"binary-expr","locations":[{"start":{"line":58,"column":19},"end":{"line":58,"column":40}},{"start":{"line":58,"column":44},"end":{"line":58,"column":71}}]},"4":{"loc":{"start":{"line":73,"column":44},"end":{"line":73,"column":67}},"type":"default-arg","locations":[{"start":{"line":73,"column":57},"end":{"line":73,"column":67}}]},"5":{"loc":{"start":{"line":86,"column":4},"end":{"line":91,"column":5}},"type":"if","locations":[{"start":{"line":86,"column":4},"end":{"line":91,"column":5}}]},"6":{"loc":{"start":{"line":87,"column":24},"end":{"line":87,"column":43}},"type":"binary-expr","locations":[{"start":{"line":87,"column":24},"end":{"line":87,"column":37}},{"start":{"line":87,"column":41},"end":{"line":87,"column":43}}]},"7":{"loc":{"start":{"line":88,"column":30},"end":{"line":88,"column":55}},"type":"binary-expr","locations":[{"start":{"line":88,"column":30},"end":{"line":88,"column":49}},{"start":{"line":88,"column":53},"end":{"line":88,"column":55}}]},"8":{"loc":{"start":{"line":89,"column":25},"end":{"line":89,"column":45}},"type":"binary-expr","locations":[{"start":{"line":89,"column":25},"end":{"line":89,"column":39}},{"start":{"line":89,"column":43},"end":{"line":89,"column":45}}]},"9":{"loc":{"start":{"line":90,"column":31},"end":{"line":90,"column":57}},"type":"binary-expr","locations":[{"start":{"line":90,"column":31},"end":{"line":90,"column":51}},{"start":{"line":90,"column":55},"end":{"line":90,"column":57}}]},"10":{"loc":{"start":{"line":116,"column":2},"end":{"line":118,"column":3}},"type":"if","locations":[{"start":{"line":116,"column":2},"end":{"line":118,"column":3}}]},"11":{"loc":{"start":{"line":135,"column":2},"end":{"line":137,"column":3}},"type":"if","locations":[{"start":{"line":135,"column":2},"end":{"line":137,"column":3}}]},"12":{"loc":{"start":{"line":152,"column":4},"end":{"line":154,"column":5}},"type":"if","locations":[{"start":{"line":152,"column":4},"end":{"line":154,"column":5}}]},"13":{"loc":{"start":{"line":160,"column":25},"end":{"line":163,"column":12}},"type":"binary-expr","locations":[{"start":{"line":160,"column":25},"end":{"line":163,"column":6}},{"start":{"line":163,"column":10},"end":{"line":163,"column":12}}]},"14":{"loc":{"start":{"line":166,"column":13},"end":{"line":166,"column":41}},"type":"binary-expr","locations":[{"start":{"line":166,"column":13},"end":{"line":166,"column":24}},{"start":{"line":166,"column":28},"end":{"line":166,"column":41}}]},"15":{"loc":{"start":{"line":182,"column":4},"end":{"line":184,"column":5}},"type":"if","locations":[{"start":{"line":182,"column":4},"end":{"line":184,"column":5}}]},"16":{"loc":{"start":{"line":187,"column":30},"end":{"line":187,"column":51}},"type":"binary-expr","locations":[{"start":{"line":187,"column":30},"end":{"line":187,"column":45}},{"start":{"line":187,"column":49},"end":{"line":187,"column":51}}]},"17":{"loc":{"start":{"line":189,"column":29},"end":{"line":189,"column":78}},"type":"binary-expr","locations":[{"start":{"line":189,"column":29},"end":{"line":189,"column":50}},{"start":{"line":189,"column":54},"end":{"line":189,"column":78}}]},"18":{"loc":{"start":{"line":201,"column":4},"end":{"line":203,"column":5}},"type":"if","locations":[{"start":{"line":201,"column":4},"end":{"line":203,"column":5}}]},"19":{"loc":{"start":{"line":206,"column":30},"end":{"line":206,"column":51}},"type":"binary-expr","locations":[{"start":{"line":206,"column":30},"end":{"line":206,"column":45}},{"start":{"line":206,"column":49},"end":{"line":206,"column":51}}]},"20":{"loc":{"start":{"line":222,"column":4},"end":{"line":224,"column":5}},"type":"if","locations":[{"start":{"line":222,"column":4},"end":{"line":224,"column":5}}]},"21":{"loc":{"start":{"line":256,"column":2},"end":{"line":256,"column":39}},"type":"if","locations":[{"start":{"line":256,"column":2},"end":{"line":256,"column":39}}]},"22":{"loc":{"start":{"line":257,"column":2},"end":{"line":257,"column":41}},"type":"if","locations":[{"start":{"line":257,"column":2},"end":{"line":257,"column":41}}]},"23":{"loc":{"start":{"line":277,"column":15},"end":{"line":277,"column":40}},"type":"cond-expr","locations":[{"start":{"line":277,"column":29},"end":{"line":277,"column":33}},{"start":{"line":277,"column":36},"end":{"line":277,"column":40}}]},"24":{"loc":{"start":{"line":278,"column":23},"end":{"line":278,"column":39}},"type":"binary-expr","locations":[{"start":{"line":278,"column":23},"end":{"line":278,"column":33}},{"start":{"line":278,"column":37},"end":{"line":278,"column":39}}]},"25":{"loc":{"start":{"line":291,"column":2},"end":{"line":293,"column":3}},"type":"if","locations":[{"start":{"line":291,"column":2},"end":{"line":293,"column":3}}]},"26":{"loc":{"start":{"line":298,"column":2},"end":{"line":300,"column":3}},"type":"if","locations":[{"start":{"line":298,"column":2},"end":{"line":300,"column":3}}]},"27":{"loc":{"start":{"line":326,"column":2},"end":{"line":328,"column":3}},"type":"if","locations":[{"start":{"line":326,"column":2},"end":{"line":328,"column":3}}]},"28":{"loc":{"start":{"line":330,"column":2},"end":{"line":332,"column":3}},"type":"if","locations":[{"start":{"line":330,"column":2},"end":{"line":332,"column":3}}]}},"s":{"0":0,"1":0,"2":0,"3":0,"4":0,"5":0,"6":0,"7":0,"8":0,"9":0,"10":0,"11":0,"12":0,"13":0,"14":0,"15":0,"16":0,"17":0,"18":0,"19":0,"20":0,"21":0,"22":0,"23":0,"24":0,"25":0,"26":0,"27":0,"28":0,"29":0,"30":0,"31":0,"32":0,"33":0,"34":0,"35":0,"36":0,"37":0,"38":0,"39":0,"40":0,"41":0,"42":0,"43":0,"44":0,"45":0,"46":0,"47":0,"48":0,"49":0,"50":0,"51":0,"52":0,"53":0,"54":0,"55":0,"56":0,"57":0,"58":0,"59":0,"60":0,"61":0,"62":0,"63":0,"64":0,"65":0,"66":0,"67":0,"68":0,"69":0,"70":0,"71":0,"72":0,"73":0,"74":0,"75":0,"76":0,"77":0,"78":0,"79":0,"80":0,"81":0,"82":0,"83":0,"84":0,"85":0,"86":0,"87":0,"88":0,"89":0,"90":0,"91":0,"92":0,"93":0,"94":0,"95":0,"96":0,"97":0,"98":0,"99":0,"100":0,"101":0,"102":0,"103":0,"104":0,"105":0,"106":0,"107":0,"108":0,"109":0,"110":0,"111":0,"112":0,"113":0,"114":0,"115":0,"116":0,"117":0,"118":0,"119":0,"120":0,"121":0,"122":0,"123":0,"124":0,"125":0,"126":0,"127":0,"128":0,"129":0,"130":0,"131":0,"132":0,"133":0},"f":{"0":0,"1":0,"2":0,"3":0,"4":0,"5":0,"6":0,"7":0,"8":0,"9":0,"10":0,"11":0,"12":0,"13":0,"14":0,"15":0,"16":0,"17":0,"18":0,"19":0,"20":0,"21":0,"22":0},"b":{"0":[0],"1":[0],"2":[0,0],"3":[0,0],"4":[0],"5":[0],"6":[0,0],"7":[0,0],"8":[0,0],"9":[0,0],"10":[0],"11":[0],"12":[0],"13":[0,0],"14":[0,0],"15":[0],"16":[0,0],"17":[0,0],"18":[0],"19":[0,0],"20":[0],"21":[0],"22":[0],"23":[0,0],"24":[0,0],"25":[0],"26":[0],"27":[0],"28":[0]}}
,"/Users/nateaune/Documents/code/ExoMind/src/briefings/index.ts": {"path":"/Users/nateaune/Documents/code/ExoMind/src/briefings/index.ts","statementMap":{"0":{"start":{"line":5,"column":0},"end":{"line":5,"column":28}},"1":{"start":{"line":6,"column":0},"end":{"line":6,"column":28}},"2":{"start":{"line":7,"column":0},"end":{"line":7,"column":28}},"3":{"start":{"line":8,"column":0},"end":{"line":8,"column":34}},"4":{"start":{"line":9,"column":0},"end":{"line":9,"column":34}}},"fnMap":{},"branchMap":{},"s":{"0":0,"1":0,"2":0,"3":0,"4":0},"f":{},"b":{}}
,"/Users/nateaune/Documents/code/ExoMind/src/briefings/scheduler.ts": {"path":"/Users/nateaune/Documents/code/ExoMind/src/briefings/scheduler.ts","statementMap":{"0":{"start":{"line":56,"column":0},"end":{"line":56,"column":16}},"1":{"start":{"line":73,"column":0},"end":{"line":73,"column":16}},"2":{"start":{"line":89,"column":0},"end":{"line":89,"column":16}},"3":{"start":{"line":105,"column":0},"end":{"line":105,"column":16}},"4":{"start":{"line":121,"column":0},"end":{"line":121,"column":16}},"5":{"start":{"line":137,"column":0},"end":{"line":137,"column":7}},"6":{"start":{"line":200,"column":0},"end":{"line":200,"column":16}},"7":{"start":{"line":213,"column":0},"end":{"line":213,"column":7}},"8":{"start":{"line":268,"column":0},"end":{"line":268,"column":16}},"9":{"start":{"line":301,"column":0},"end":{"line":301,"column":7}},"10":{"start":{"line":324,"column":0},"end":{"line":324,"column":7}},"11":{"start":{"line":5,"column":0},"end":{"line":5,"column":25}},"12":{"start":{"line":6,"column":0},"end":{"line":6,"column":29}},"13":{"start":{"line":8,"column":0},"end":{"line":8,"column":102}},"14":{"start":{"line":9,"column":0},"end":{"line":9,"column":49}},"15":{"start":{"line":11,"column":19},"end":{"line":11,"column":53}},"16":{"start":{"line":12,"column":20},"end":{"line":12,"column":65}},"17":{"start":{"line":13,"column":22},"end":{"line":13,"column":69}},"18":{"start":{"line":15,"column":39},"end":{"line":27,"column":2}},"19":{"start":{"line":29,"column":46},"end":{"line":51,"column":2}},"20":{"start":{"line":57,"column":2},"end":{"line":59,"column":3}},"21":{"start":{"line":58,"column":4},"end":{"line":58,"column":50}},"22":{"start":{"line":61,"column":2},"end":{"line":63,"column":3}},"23":{"start":{"line":62,"column":4},"end":{"line":62,"column":75}},"24":{"start":{"line":65,"column":2},"end":{"line":67,"column":3}},"25":{"start":{"line":66,"column":4},"end":{"line":66,"column":80}},"26":{"start":{"line":74,"column":2},"end":{"line":83,"column":3}},"27":{"start":{"line":75,"column":4},"end":{"line":77,"column":5}},"28":{"start":{"line":76,"column":6},"end":{"line":76,"column":28}},"29":{"start":{"line":79,"column":4},"end":{"line":79,"column":61}},"30":{"start":{"line":81,"column":4},"end":{"line":81,"column":50}},"31":{"start":{"line":82,"column":4},"end":{"line":82,"column":26}},"32":{"start":{"line":90,"column":2},"end":{"line":99,"column":3}},"33":{"start":{"line":91,"column":4},"end":{"line":93,"column":5}},"34":{"start":{"line":92,"column":6},"end":{"line":92,"column":52}},"35":{"start":{"line":95,"column":4},"end":{"line":95,"column":67}},"36":{"start":{"line":97,"column":4},"end":{"line":97,"column":49}},"37":{"start":{"line":98,"column":4},"end":{"line":98,"column":16}},"38":{"start":{"line":106,"column":2},"end":{"line":115,"column":3}},"39":{"start":{"line":107,"column":4},"end":{"line":109,"column":5}},"40":{"start":{"line":108,"column":6},"end":{"line":108,"column":31}},"41":{"start":{"line":111,"column":4},"end":{"line":111,"column":63}},"42":{"start":{"line":113,"column":4},"end":{"line":113,"column":53}},"43":{"start":{"line":114,"column":4},"end":{"line":114,"column":29}},"44":{"start":{"line":122,"column":2},"end":{"line":131,"column":3}},"45":{"start":{"line":123,"column":4},"end":{"line":125,"column":5}},"46":{"start":{"line":124,"column":6},"end":{"line":124,"column":52}},"47":{"start":{"line":127,"column":4},"end":{"line":127,"column":72}},"48":{"start":{"line":129,"column":4},"end":{"line":129,"column":52}},"49":{"start":{"line":130,"column":4},"end":{"line":130,"column":16}},"50":{"start":{"line":138,"column":17},"end":{"line":138,"column":29}},"51":{"start":{"line":139,"column":20},"end":{"line":139,"column":35}},"52":{"start":{"line":140,"column":14},"end":{"line":140,"column":24}},"53":{"start":{"line":141,"column":38},"end":{"line":141,"column":40}},"54":{"start":{"line":143,"column":2},"end":{"line":174,"column":3}},"55":{"start":{"line":144,"column":4},"end":{"line":146,"column":5}},"56":{"start":{"line":145,"column":6},"end":{"line":145,"column":15}},"57":{"start":{"line":149,"column":4},"end":{"line":151,"column":5}},"58":{"start":{"line":150,"column":6},"end":{"line":150,"column":15}},"59":{"start":{"line":154,"column":22},"end":{"line":154,"column":34}},"60":{"start":{"line":155,"column":4},"end":{"line":157,"column":5}},"61":{"start":{"line":156,"column":6},"end":{"line":156,"column":15}},"62":{"start":{"line":160,"column":43},"end":{"line":160,"column":88}},"63":{"start":{"line":161,"column":24},"end":{"line":161,"column":38}},"64":{"start":{"line":162,"column":26},"end":{"line":162,"column":42}},"65":{"start":{"line":165,"column":4},"end":{"line":173,"column":5}},"66":{"start":{"line":170,"column":6},"end":{"line":172,"column":7}},"67":{"start":{"line":171,"column":8},"end":{"line":171,"column":31}},"68":{"start":{"line":176,"column":2},"end":{"line":176,"column":17}},"69":{"start":{"line":183,"column":2},"end":{"line":185,"column":3}},"70":{"start":{"line":184,"column":4},"end":{"line":184,"column":17}},"71":{"start":{"line":187,"column":19},"end":{"line":187,"column":46}},"72":{"start":{"line":188,"column":14},"end":{"line":188,"column":24}},"73":{"start":{"line":190,"column":2},"end":{"line":194,"column":4}},"74":{"start":{"line":201,"column":20},"end":{"line":201,"column":35}},"75":{"start":{"line":202,"column":19},"end":{"line":202,"column":59}},"76":{"start":{"line":202,"column":39},"end":{"line":202,"column":58}},"77":{"start":{"line":204,"column":2},"end":{"line":207,"column":3}},"78":{"start":{"line":205,"column":4},"end":{"line":205,"column":35}},"79":{"start":{"line":206,"column":4},"end":{"line":206,"column":29}},"80":{"start":{"line":214,"column":17},"end":{"line":214,"column":29}},"81":{"start":{"line":215,"column":18},"end":{"line":215,"column":47}},"82":{"start":{"line":216,"column":37},"end":{"line":216,"column":39}},"83":{"start":{"line":218,"column":2},"end":{"line":221,"column":3}},"84":{"start":{"line":219,"column":4},"end":{"line":219,"column":58}},"85":{"start":{"line":220,"column":4},"end":{"line":220,"column":20}},"86":{"start":{"line":223,"column":2},"end":{"line":260,"column":3}},"87":{"start":{"line":224,"column":4},"end":{"line":259,"column":5}},"88":{"start":{"line":227,"column":6},"end":{"line":240,"column":7}},"89":{"start":{"line":229,"column":10},"end":{"line":229,"column":53}},"90":{"start":{"line":230,"column":10},"end":{"line":230,"column":16}},"91":{"start":{"line":232,"column":10},"end":{"line":232,"column":53}},"92":{"start":{"line":233,"column":10},"end":{"line":233,"column":16}},"93":{"start":{"line":235,"column":10},"end":{"line":235,"column":51}},"94":{"start":{"line":236,"column":10},"end":{"line":236,"column":16}},"95":{"start":{"line":238,"column":10},"end":{"line":238,"column":67}},"96":{"start":{"line":239,"column":10},"end":{"line":239,"column":19}},"97":{"start":{"line":242,"column":21},"end":{"line":242,"column":67}},"98":{"start":{"line":244,"column":6},"end":{"line":246,"column":7}},"99":{"start":{"line":245,"column":8},"end":{"line":245,"column":44}},"100":{"start":{"line":248,"column":6},"end":{"line":248,"column":28}},"101":{"start":{"line":250,"column":6},"end":{"line":250,"column":72}},"102":{"start":{"line":251,"column":6},"end":{"line":258,"column":9}},"103":{"start":{"line":262,"column":2},"end":{"line":262,"column":18}},"104":{"start":{"line":269,"column":14},"end":{"line":269,"column":24}},"105":{"start":{"line":270,"column":25},"end":{"line":270,"column":70}},"106":{"start":{"line":273,"column":18},"end":{"line":273,"column":19}},"107":{"start":{"line":274,"column":21},"end":{"line":274,"column":33}},"108":{"start":{"line":277,"column":21},"end":{"line":277,"column":67}},"109":{"start":{"line":277,"column":61},"end":{"line":277,"column":66}},"110":{"start":{"line":279,"column":2},"end":{"line":284,"column":3}},"111":{"start":{"line":280,"column":4},"end":{"line":283,"column":5}},"112":{"start":{"line":281,"column":6},"end":{"line":281,"column":35}},"113":{"start":{"line":282,"column":6},"end":{"line":282,"column":12}},"114":{"start":{"line":287,"column":2},"end":{"line":289,"column":3}},"115":{"start":{"line":288,"column":4},"end":{"line":288,"column":47}},"116":{"start":{"line":291,"column":19},"end":{"line":291,"column":32}},"117":{"start":{"line":292,"column":2},"end":{"line":292,"column":46}},"118":{"start":{"line":293,"column":2},"end":{"line":293,"column":40}},"119":{"start":{"line":295,"column":2},"end":{"line":295,"column":18}},"120":{"start":{"line":302,"column":2},"end":{"line":302,"column":48}},"121":{"start":{"line":303,"column":2},"end":{"line":303,"column":24}},"122":{"start":{"line":306,"column":2},"end":{"line":306,"column":34}},"123":{"start":{"line":309,"column":21},"end":{"line":309,"column":48}},"124":{"start":{"line":310,"column":2},"end":{"line":316,"column":17}},"125":{"start":{"line":311,"column":4},"end":{"line":315,"column":5}},"126":{"start":{"line":312,"column":6},"end":{"line":312,"column":38}},"127":{"start":{"line":314,"column":6},"end":{"line":314,"column":59}},"128":{"start":{"line":318,"column":2},"end":{"line":318,"column":79}},"129":{"start":{"line":328,"column":17},"end":{"line":328,"column":29}},"130":{"start":{"line":329,"column":26},"end":{"line":329,"column":55}},"131":{"start":{"line":331,"column":2},"end":{"line":333,"column":3}},"132":{"start":{"line":332,"column":4},"end":{"line":332,"column":46}},"133":{"start":{"line":337,"column":2},"end":{"line":349,"column":3}},"134":{"start":{"line":339,"column":6},"end":{"line":339,"column":49}},"135":{"start":{"line":340,"column":6},"end":{"line":340,"column":12}},"136":{"start":{"line":342,"column":6},"end":{"line":342,"column":49}},"137":{"start":{"line":343,"column":6},"end":{"line":343,"column":12}},"138":{"start":{"line":345,"column":6},"end":{"line":345,"column":47}},"139":{"start":{"line":346,"column":6},"end":{"line":346,"column":12}},"140":{"start":{"line":348,"column":6},"end":{"line":348,"column":56}},"141":{"start":{"line":351,"column":2},"end":{"line":351,"column":55}}},"fnMap":{"0":{"name":"initializeScheduler","decl":{"start":{"line":56,"column":16},"end":{"line":56,"column":35}},"loc":{"start":{"line":56,"column":35},"end":{"line":68,"column":1}}},"1":{"name":"loadConfig","decl":{"start":{"line":73,"column":16},"end":{"line":73,"column":26}},"loc":{"start":{"line":73,"column":26},"end":{"line":84,"column":1}}},"2":{"name":"saveConfig","decl":{"start":{"line":89,"column":16},"end":{"line":89,"column":26}},"loc":{"start":{"line":89,"column":49},"end":{"line":100,"column":1}}},"3":{"name":"loadSchedules","decl":{"start":{"line":105,"column":16},"end":{"line":105,"column":29}},"loc":{"start":{"line":105,"column":29},"end":{"line":116,"column":1}}},"4":{"name":"saveSchedules","decl":{"start":{"line":121,"column":16},"end":{"line":121,"column":29}},"loc":{"start":{"line":121,"column":59},"end":{"line":132,"column":1}}},"5":{"name":"checkPendingBriefings","decl":{"start":{"line":137,"column":22},"end":{"line":137,"column":43}},"loc":{"start":{"line":137,"column":43},"end":{"line":177,"column":1}}},"6":{"name":"wasAlreadySentToday","decl":{"start":{"line":182,"column":9},"end":{"line":182,"column":28}},"loc":{"start":{"line":182,"column":55},"end":{"line":195,"column":1}}},"7":{"name":"updateScheduleLastSent","decl":{"start":{"line":200,"column":16},"end":{"line":200,"column":38}},"loc":{"start":{"line":200,"column":57},"end":{"line":208,"column":1}}},"8":{"name":"(anonymous_17)","decl":{"start":{"line":202,"column":34},"end":{"line":202,"column":35}},"loc":{"start":{"line":202,"column":39},"end":{"line":202,"column":58}}},"9":{"name":"processPendingBriefings","decl":{"start":{"line":213,"column":22},"end":{"line":213,"column":45}},"loc":{"start":{"line":213,"column":45},"end":{"line":263,"column":1}}},"10":{"name":"getNextScheduledTime","decl":{"start":{"line":268,"column":16},"end":{"line":268,"column":36}},"loc":{"start":{"line":268,"column":63},"end":{"line":296,"column":1}}},"11":{"name":"(anonymous_20)","decl":{"start":{"line":277,"column":51},"end":{"line":277,"column":52}},"loc":{"start":{"line":277,"column":61},"end":{"line":277,"column":66}}},"12":{"name":"startScheduler","decl":{"start":{"line":301,"column":22},"end":{"line":301,"column":36}},"loc":{"start":{"line":301,"column":64},"end":{"line":319,"column":1}}},"13":{"name":"(anonymous_22)","decl":{"start":{"line":310,"column":14},"end":{"line":310,"column":19}},"loc":{"start":{"line":310,"column":25},"end":{"line":316,"column":3}}},"14":{"name":"triggerBriefing","decl":{"start":{"line":324,"column":22},"end":{"line":324,"column":37}},"loc":{"start":{"line":326,"column":20},"end":{"line":352,"column":1}}}},"branchMap":{"0":{"loc":{"start":{"line":57,"column":2},"end":{"line":59,"column":3}},"type":"if","locations":[{"start":{"line":57,"column":2},"end":{"line":59,"column":3}}]},"1":{"loc":{"start":{"line":61,"column":2},"end":{"line":63,"column":3}},"type":"if","locations":[{"start":{"line":61,"column":2},"end":{"line":63,"column":3}}]},"2":{"loc":{"start":{"line":65,"column":2},"end":{"line":67,"column":3}},"type":"if","locations":[{"start":{"line":65,"column":2},"end":{"line":67,"column":3}}]},"3":{"loc":{"start":{"line":75,"column":4},"end":{"line":77,"column":5}},"type":"if","locations":[{"start":{"line":75,"column":4},"end":{"line":77,"column":5}}]},"4":{"loc":{"start":{"line":91,"column":4},"end":{"line":93,"column":5}},"type":"if","locations":[{"start":{"line":91,"column":4},"end":{"line":93,"column":5}}]},"5":{"loc":{"start":{"line":107,"column":4},"end":{"line":109,"column":5}},"type":"if","locations":[{"start":{"line":107,"column":4},"end":{"line":109,"column":5}}]},"6":{"loc":{"start":{"line":123,"column":4},"end":{"line":125,"column":5}},"type":"if","locations":[{"start":{"line":123,"column":4},"end":{"line":125,"column":5}}]},"7":{"loc":{"start":{"line":144,"column":4},"end":{"line":146,"column":5}},"type":"if","locations":[{"start":{"line":144,"column":4},"end":{"line":146,"column":5}}]},"8":{"loc":{"start":{"line":149,"column":4},"end":{"line":151,"column":5}},"type":"if","locations":[{"start":{"line":149,"column":4},"end":{"line":151,"column":5}}]},"9":{"loc":{"start":{"line":155,"column":4},"end":{"line":157,"column":5}},"type":"if","locations":[{"start":{"line":155,"column":4},"end":{"line":157,"column":5}}]},"10":{"loc":{"start":{"line":165,"column":4},"end":{"line":173,"column":5}},"type":"if","locations":[{"start":{"line":165,"column":4},"end":{"line":173,"column":5}}]},"11":{"loc":{"start":{"line":166,"column":6},"end":{"line":167,"column":51}},"type":"binary-expr","locations":[{"start":{"line":166,"column":6},"end":{"line":166,"column":34}},{"start":{"line":167,"column":6},"end":{"line":167,"column":51}}]},"12":{"loc":{"start":{"line":170,"column":6},"end":{"line":172,"column":7}},"type":"if","locations":[{"start":{"line":170,"column":6},"end":{"line":172,"column":7}}]},"13":{"loc":{"start":{"line":183,"column":2},"end":{"line":185,"column":3}},"type":"if","locations":[{"start":{"line":183,"column":2},"end":{"line":185,"column":3}}]},"14":{"loc":{"start":{"line":191,"column":4},"end":{"line":193,"column":40}},"type":"binary-expr","locations":[{"start":{"line":191,"column":4},"end":{"line":191,"column":48}},{"start":{"line":192,"column":4},"end":{"line":192,"column":42}},{"start":{"line":193,"column":4},"end":{"line":193,"column":40}}]},"15":{"loc":{"start":{"line":204,"column":2},"end":{"line":207,"column":3}},"type":"if","locations":[{"start":{"line":204,"column":2},"end":{"line":207,"column":3}}]},"16":{"loc":{"start":{"line":218,"column":2},"end":{"line":221,"column":3}},"type":"if","locations":[{"start":{"line":218,"column":2},"end":{"line":221,"column":3}}]},"17":{"loc":{"start":{"line":227,"column":6},"end":{"line":240,"column":7}},"type":"switch","locations":[{"start":{"line":228,"column":8},"end":{"line":230,"column":16}},{"start":{"line":231,"column":8},"end":{"line":233,"column":16}},{"start":{"line":234,"column":8},"end":{"line":236,"column":16}},{"start":{"line":237,"column":8},"end":{"line":239,"column":19}}]},"18":{"loc":{"start":{"line":244,"column":6},"end":{"line":246,"column":7}},"type":"if","locations":[{"start":{"line":244,"column":6},"end":{"line":246,"column":7}}]},"19":{"loc":{"start":{"line":255,"column":15},"end":{"line":255,"column":71}},"type":"cond-expr","locations":[{"start":{"line":255,"column":40},"end":{"line":255,"column":53}},{"start":{"line":255,"column":56},"end":{"line":255,"column":71}}]},"20":{"loc":{"start":{"line":280,"column":4},"end":{"line":283,"column":5}},"type":"if","locations":[{"start":{"line":280,"column":4},"end":{"line":283,"column":5}}]},"21":{"loc":{"start":{"line":287,"column":2},"end":{"line":289,"column":3}},"type":"if","locations":[{"start":{"line":287,"column":2},"end":{"line":289,"column":3}}]},"22":{"loc":{"start":{"line":287,"column":6},"end":{"line":287,"column":46}},"type":"binary-expr","locations":[{"start":{"line":287,"column":6},"end":{"line":287,"column":21}},{"start":{"line":287,"column":25},"end":{"line":287,"column":46}}]},"23":{"loc":{"start":{"line":301,"column":37},"end":{"line":301,"column":64}},"type":"default-arg","locations":[{"start":{"line":301,"column":63},"end":{"line":301,"column":64}}]},"24":{"loc":{"start":{"line":329,"column":26},"end":{"line":329,"column":55}},"type":"binary-expr","locations":[{"start":{"line":329,"column":26},"end":{"line":329,"column":35}},{"start":{"line":329,"column":39},"end":{"line":329,"column":55}}]},"25":{"loc":{"start":{"line":331,"column":2},"end":{"line":333,"column":3}},"type":"if","locations":[{"start":{"line":331,"column":2},"end":{"line":333,"column":3}}]},"26":{"loc":{"start":{"line":337,"column":2},"end":{"line":349,"column":3}},"type":"switch","locations":[{"start":{"line":338,"column":4},"end":{"line":340,"column":12}},{"start":{"line":341,"column":4},"end":{"line":343,"column":12}},{"start":{"line":344,"column":4},"end":{"line":346,"column":12}},{"start":{"line":347,"column":4},"end":{"line":348,"column":56}}]}},"s":{"0":0,"1":0,"2":0,"3":0,"4":0,"5":0,"6":0,"7":0,"8":0,"9":0,"10":0,"11":0,"12":0,"13":0,"14":0,"15":0,"16":0,"17":0,"18":0,"19":0,"20":0,"21":0,"22":0,"23":0,"24":0,"25":0,"26":0,"27":0,"28":0,"29":0,"30":0,"31":0,"32":0,"33":0,"34":0,"35":0,"36":0,"37":0,"38":0,"39":0,"40":0,"41":0,"42":0,"43":0,"44":0,"45":0,"46":0,"47":0,"48":0,"49":0,"50":0,"51":0,"52":0,"53":0,"54":0,"55":0,"56":0,"57":0,"58":0,"59":0,"60":0,"61":0,"62":0,"63":0,"64":0,"65":0,"66":0,"67":0,"68":0,"69":0,"70":0,"71":0,"72":0,"73":0,"74":0,"75":0,"76":0,"77":0,"78":0,"79":0,"80":0,"81":0,"82":0,"83":0,"84":0,"85":0,"86":0,"87":0,"88":0,"89":0,"90":0,"91":0,"92":0,"93":0,"94":0,"95":0,"96":0,"97":0,"98":0,"99":0,"100":0,"101":0,"102":0,"103":0,"104":0,"105":0,"106":0,"107":0,"108":0,"109":0,"110":0,"111":0,"112":0,"113":0,"114":0,"115":0,"116":0,"117":0,"118":0,"119":0,"120":0,"121":0,"122":0,"123":0,"124":0,"125":0,"126":0,"127":0,"128":0,"129":0,"130":0,"131":0,"132":0,"133":0,"134":0,"135":0,"136":0,"137":0,"138":0,"139":0,"140":0,"141":0},"f":{"0":0,"1":0,"2":0,"3":0,"4":0,"5":0,"6":0,"7":0,"8":0,"9":0,"10":0,"11":0,"12":0,"13":0,"14":0},"b":{"0":[0],"1":[0],"2":[0],"3":[0],"4":[0],"5":[0],"6":[0],"7":[0],"8":[0],"9":[0],"10":[0],"11":[0,0],"12":[0],"13":[0],"14":[0,0,0],"15":[0],"16":[0],"17":[0,0,0,0],"18":[0],"19":[0,0],"20":[0],"21":[0],"22":[0,0],"23":[0],"24":[0,0],"25":[0],"26":[0,0,0,0]}}
,"/Users/nateaune/Documents/code/ExoMind/src/briefings/whatsapp-sender.ts": {"path":"/Users/nateaune/Documents/code/ExoMind/src/briefings/whatsapp-sender.ts","statementMap":{"0":{"start":{"line":16,"column":0},"end":{"line":16,"column":7}},"1":{"start":{"line":183,"column":0},"end":{"line":183,"column":7}},"2":{"start":{"line":235,"column":0},"end":{"line":235,"column":7}},"3":{"start":{"line":265,"column":0},"end":{"line":265,"column":7}},"4":{"start":{"line":5,"column":0},"end":{"line":5,"column":25}},"5":{"start":{"line":6,"column":0},"end":{"line":6,"column":29}},"6":{"start":{"line":9,"column":25},"end":{"line":9,"column":70}},"7":{"start":{"line":10,"column":20},"end":{"line":10,"column":21}},"8":{"start":{"line":11,"column":23},"end":{"line":11,"column":27}},"9":{"start":{"line":20,"column":21},"end":{"line":20,"column":70}},"10":{"start":{"line":22,"column":33},"end":{"line":28,"column":4}},"11":{"start":{"line":30,"column":2},"end":{"line":65,"column":3}},"12":{"start":{"line":32,"column":4},"end":{"line":34,"column":5}},"13":{"start":{"line":33,"column":6},"end":{"line":33,"column":58}},"14":{"start":{"line":36,"column":4},"end":{"line":36,"column":30}},"15":{"start":{"line":39,"column":19},"end":{"line":39,"column":82}},"16":{"start":{"line":41,"column":4},"end":{"line":51,"column":5}},"17":{"start":{"line":42,"column":6},"end":{"line":42,"column":29}},"18":{"start":{"line":43,"column":6},"end":{"line":43,"column":33}},"19":{"start":{"line":46,"column":6},"end":{"line":46,"column":42}},"20":{"start":{"line":48,"column":6},"end":{"line":48,"column":20}},"21":{"start":{"line":50,"column":6},"end":{"line":50,"column":64}},"22":{"start":{"line":53,"column":4},"end":{"line":53,"column":29}},"23":{"start":{"line":54,"column":4},"end":{"line":54,"column":76}},"24":{"start":{"line":57,"column":4},"end":{"line":59,"column":5}},"25":{"start":{"line":58,"column":6},"end":{"line":58,"column":62}},"26":{"start":{"line":62,"column":4},"end":{"line":62,"column":40}},"27":{"start":{"line":64,"column":4},"end":{"line":64,"column":18}},"28":{"start":{"line":76,"column":21},"end":{"line":76,"column":50}},"29":{"start":{"line":77,"column":16},"end":{"line":77,"column":60}},"30":{"start":{"line":79,"column":2},"end":{"line":79,"column":94}},"31":{"start":{"line":81,"column":33},"end":{"line":85,"column":4}},"32":{"start":{"line":88,"column":2},"end":{"line":88,"column":59}},"33":{"start":{"line":88,"column":31},"end":{"line":88,"column":57}},"34":{"start":{"line":90,"column":2},"end":{"line":116,"column":3}},"35":{"start":{"line":91,"column":19},"end":{"line":91,"column":82}},"36":{"start":{"line":93,"column":4},"end":{"line":102,"column":5}},"37":{"start":{"line":94,"column":6},"end":{"line":94,"column":29}},"38":{"start":{"line":95,"column":6},"end":{"line":95,"column":33}},"39":{"start":{"line":97,"column":6},"end":{"line":97,"column":42}},"40":{"start":{"line":99,"column":6},"end":{"line":99,"column":20}},"41":{"start":{"line":101,"column":6},"end":{"line":101,"column":64}},"42":{"start":{"line":104,"column":4},"end":{"line":104,"column":29}},"43":{"start":{"line":105,"column":4},"end":{"line":105,"column":76}},"44":{"start":{"line":108,"column":4},"end":{"line":110,"column":5}},"45":{"start":{"line":109,"column":6},"end":{"line":109,"column":62}},"46":{"start":{"line":113,"column":4},"end":{"line":113,"column":40}},"47":{"start":{"line":115,"column":4},"end":{"line":115,"column":18}},"48":{"start":{"line":126,"column":2},"end":{"line":147,"column":3}},"49":{"start":{"line":133,"column":4},"end":{"line":133,"column":75}},"50":{"start":{"line":140,"column":4},"end":{"line":140,"column":29}},"51":{"start":{"line":142,"column":4},"end":{"line":142,"column":49}},"52":{"start":{"line":143,"column":4},"end":{"line":146,"column":6}},"53":{"start":{"line":157,"column":2},"end":{"line":177,"column":3}},"54":{"start":{"line":158,"column":21},"end":{"line":168,"column":6}},"55":{"start":{"line":170,"column":20},"end":{"line":170,"column":61}},"56":{"start":{"line":171,"column":20},"end":{"line":171,"column":67}},"57":{"start":{"line":174,"column":4},"end":{"line":174,"column":64}},"58":{"start":{"line":176,"column":4},"end":{"line":176,"column":52}},"59":{"start":{"line":187,"column":36},"end":{"line":187,"column":38}},"60":{"start":{"line":189,"column":2},"end":{"line":227,"column":3}},"61":{"start":{"line":190,"column":4},"end":{"line":192,"column":5}},"62":{"start":{"line":191,"column":6},"end":{"line":191,"column":21}},"63":{"start":{"line":194,"column":18},"end":{"line":194,"column":50}},"64":{"start":{"line":196,"column":4},"end":{"line":224,"column":5}},"65":{"start":{"line":197,"column":6},"end":{"line":199,"column":7}},"66":{"start":{"line":198,"column":8},"end":{"line":198,"column":17}},"67":{"start":{"line":201,"column":23},"end":{"line":201,"column":59}},"68":{"start":{"line":203,"column":6},"end":{"line":223,"column":7}},"69":{"start":{"line":204,"column":24},"end":{"line":204,"column":57}},"70":{"start":{"line":205,"column":22},"end":{"line":205,"column":83}},"71":{"start":{"line":207,"column":8},"end":{"line":222,"column":9}},"72":{"start":{"line":208,"column":10},"end":{"line":221,"column":11}},"73":{"start":{"line":209,"column":26},"end":{"line":209,"column":42}},"74":{"start":{"line":210,"column":12},"end":{"line":218,"column":15}},"75":{"start":{"line":220,"column":12},"end":{"line":220,"column":61}},"76":{"start":{"line":226,"column":4},"end":{"line":226,"column":60}},"77":{"start":{"line":229,"column":2},"end":{"line":229,"column":17}},"78":{"start":{"line":245,"column":18},"end":{"line":245,"column":62}},"79":{"start":{"line":247,"column":16},"end":{"line":247,"column":30}},"80":{"start":{"line":248,"column":15},"end":{"line":248,"column":62}},"81":{"start":{"line":248,"column":35},"end":{"line":248,"column":54}},"82":{"start":{"line":249,"column":17},"end":{"line":249,"column":66}},"83":{"start":{"line":249,"column":37},"end":{"line":249,"column":58}},"84":{"start":{"line":250,"column":18},"end":{"line":250,"column":62}},"85":{"start":{"line":250,"column":38},"end":{"line":250,"column":54}},"86":{"start":{"line":251,"column":22},"end":{"line":251,"column":58}},"87":{"start":{"line":253,"column":2},"end":{"line":259,"column":4}},"88":{"start":{"line":268,"column":2},"end":{"line":301,"column":3}},"89":{"start":{"line":269,"column":18},"end":{"line":269,"column":50}},"90":{"start":{"line":271,"column":4},"end":{"line":298,"column":5}},"91":{"start":{"line":272,"column":6},"end":{"line":274,"column":7}},"92":{"start":{"line":273,"column":8},"end":{"line":273,"column":17}},"93":{"start":{"line":276,"column":22},"end":{"line":276,"column":55}},"94":{"start":{"line":277,"column":20},"end":{"line":277,"column":81}},"95":{"start":{"line":279,"column":6},"end":{"line":297,"column":7}},"96":{"start":{"line":280,"column":8},"end":{"line":296,"column":9}},"97":{"start":{"line":281,"column":24},"end":{"line":281,"column":40}},"98":{"start":{"line":283,"column":10},"end":{"line":293,"column":11}},"99":{"start":{"line":284,"column":12},"end":{"line":292,"column":14}},"100":{"start":{"line":295,"column":10},"end":{"line":295,"column":59}},"101":{"start":{"line":300,"column":4},"end":{"line":300,"column":66}},"102":{"start":{"line":303,"column":2},"end":{"line":303,"column":14}}},"fnMap":{"0":{"name":"sendBriefing","decl":{"start":{"line":16,"column":22},"end":{"line":16,"column":34}},"loc":{"start":{"line":18,"column":19},"end":{"line":66,"column":1}}},"1":{"name":"retryDelivery","decl":{"start":{"line":71,"column":15},"end":{"line":71,"column":28}},"loc":{"start":{"line":74,"column":32},"end":{"line":117,"column":1}}},"2":{"name":"(anonymous_11)","decl":{"start":{"line":88,"column":20},"end":{"line":88,"column":27}},"loc":{"start":{"line":88,"column":31},"end":{"line":88,"column":57}}},"3":{"name":"sendWhatsAppMessage","decl":{"start":{"line":122,"column":15},"end":{"line":122,"column":34}},"loc":{"start":{"line":124,"column":17},"end":{"line":148,"column":1}}},"4":{"name":"logDelivery","decl":{"start":{"line":153,"column":15},"end":{"line":153,"column":26}},"loc":{"start":{"line":155,"column":27},"end":{"line":178,"column":1}}},"5":{"name":"getDeliveryHistory","decl":{"start":{"line":183,"column":22},"end":{"line":183,"column":40}},"loc":{"start":{"line":185,"column":15},"end":{"line":230,"column":1}}},"6":{"name":"getDeliveryStats","decl":{"start":{"line":235,"column":22},"end":{"line":235,"column":38}},"loc":{"start":{"line":237,"column":15},"end":{"line":260,"column":1}}},"7":{"name":"(anonymous_16)","decl":{"start":{"line":248,"column":30},"end":{"line":248,"column":31}},"loc":{"start":{"line":248,"column":35},"end":{"line":248,"column":54}}},"8":{"name":"(anonymous_17)","decl":{"start":{"line":249,"column":32},"end":{"line":249,"column":33}},"loc":{"start":{"line":249,"column":37},"end":{"line":249,"column":58}}},"9":{"name":"(anonymous_18)","decl":{"start":{"line":250,"column":33},"end":{"line":250,"column":34}},"loc":{"start":{"line":250,"column":38},"end":{"line":250,"column":54}}},"10":{"name":"checkDeliveryConfirmation","decl":{"start":{"line":265,"column":22},"end":{"line":265,"column":47}},"loc":{"start":{"line":266,"column":20},"end":{"line":304,"column":1}}}},"branchMap":{"0":{"loc":{"start":{"line":32,"column":4},"end":{"line":34,"column":5}},"type":"if","locations":[{"start":{"line":32,"column":4},"end":{"line":34,"column":5}}]},"1":{"loc":{"start":{"line":41,"column":4},"end":{"line":51,"column":5}},"type":"if","locations":[{"start":{"line":41,"column":4},"end":{"line":51,"column":5}},{"start":{"line":49,"column":11},"end":{"line":51,"column":5}}]},"2":{"loc":{"start":{"line":50,"column":22},"end":{"line":50,"column":62}},"type":"binary-expr","locations":[{"start":{"line":50,"column":22},"end":{"line":50,"column":34}},{"start":{"line":50,"column":38},"end":{"line":50,"column":62}}]},"3":{"loc":{"start":{"line":54,"column":19},"end":{"line":54,"column":75}},"type":"cond-expr","locations":[{"start":{"line":54,"column":44},"end":{"line":54,"column":57}},{"start":{"line":54,"column":60},"end":{"line":54,"column":75}}]},"4":{"loc":{"start":{"line":57,"column":4},"end":{"line":59,"column":5}},"type":"if","locations":[{"start":{"line":57,"column":4},"end":{"line":59,"column":5}}]},"5":{"loc":{"start":{"line":93,"column":4},"end":{"line":102,"column":5}},"type":"if","locations":[{"start":{"line":93,"column":4},"end":{"line":102,"column":5}},{"start":{"line":100,"column":11},"end":{"line":102,"column":5}}]},"6":{"loc":{"start":{"line":101,"column":22},"end":{"line":101,"column":62}},"type":"binary-expr","locations":[{"start":{"line":101,"column":22},"end":{"line":101,"column":34}},{"start":{"line":101,"column":38},"end":{"line":101,"column":62}}]},"7":{"loc":{"start":{"line":105,"column":19},"end":{"line":105,"column":75}},"type":"cond-expr","locations":[{"start":{"line":105,"column":44},"end":{"line":105,"column":57}},{"start":{"line":105,"column":60},"end":{"line":105,"column":75}}]},"8":{"loc":{"start":{"line":108,"column":4},"end":{"line":110,"column":5}},"type":"if","locations":[{"start":{"line":108,"column":4},"end":{"line":110,"column":5}}]},"9":{"loc":{"start":{"line":145,"column":13},"end":{"line":145,"column":69}},"type":"cond-expr","locations":[{"start":{"line":145,"column":38},"end":{"line":145,"column":51}},{"start":{"line":145,"column":54},"end":{"line":145,"column":69}}]},"10":{"loc":{"start":{"line":190,"column":4},"end":{"line":192,"column":5}},"type":"if","locations":[{"start":{"line":190,"column":4},"end":{"line":192,"column":5}}]},"11":{"loc":{"start":{"line":197,"column":6},"end":{"line":199,"column":7}},"type":"if","locations":[{"start":{"line":197,"column":6},"end":{"line":199,"column":7}}]},"12":{"loc":{"start":{"line":203,"column":6},"end":{"line":223,"column":7}},"type":"if","locations":[{"start":{"line":203,"column":6},"end":{"line":223,"column":7}}]},"13":{"loc":{"start":{"line":203,"column":10},"end":{"line":203,"column":54}},"type":"binary-expr","locations":[{"start":{"line":203,"column":10},"end":{"line":203,"column":31}},{"start":{"line":203,"column":35},"end":{"line":203,"column":54}}]},"14":{"loc":{"start":{"line":216,"column":22},"end":{"line":216,"column":71}},"type":"cond-expr","locations":[{"start":{"line":216,"column":37},"end":{"line":216,"column":59}},{"start":{"line":216,"column":62},"end":{"line":216,"column":71}}]},"15":{"loc":{"start":{"line":251,"column":22},"end":{"line":251,"column":58}},"type":"cond-expr","locations":[{"start":{"line":251,"column":34},"end":{"line":251,"column":54}},{"start":{"line":251,"column":57},"end":{"line":251,"column":58}}]},"16":{"loc":{"start":{"line":272,"column":6},"end":{"line":274,"column":7}},"type":"if","locations":[{"start":{"line":272,"column":6},"end":{"line":274,"column":7}}]},"17":{"loc":{"start":{"line":283,"column":10},"end":{"line":293,"column":11}},"type":"if","locations":[{"start":{"line":283,"column":10},"end":{"line":293,"column":11}}]},"18":{"loc":{"start":{"line":290,"column":22},"end":{"line":290,"column":71}},"type":"cond-expr","locations":[{"start":{"line":290,"column":37},"end":{"line":290,"column":59}},{"start":{"line":290,"column":62},"end":{"line":290,"column":71}}]}},"s":{"0":0,"1":0,"2":0,"3":0,"4":0,"5":0,"6":0,"7":0,"8":0,"9":0,"10":0,"11":0,"12":0,"13":0,"14":0,"15":0,"16":0,"17":0,"18":0,"19":0,"20":0,"21":0,"22":0,"23":0,"24":0,"25":0,"26":0,"27":0,"28":0,"29":0,"30":0,"31":0,"32":0,"33":0,"34":0,"35":0,"36":0,"37":0,"38":0,"39":0,"40":0,"41":0,"42":0,"43":0,"44":0,"45":0,"46":0,"47":0,"48":0,"49":0,"50":0,"51":0,"52":0,"53":0,"54":0,"55":0,"56":0,"57":0,"58":0,"59":0,"60":0,"61":0,"62":0,"63":0,"64":0,"65":0,"66":0,"67":0,"68":0,"69":0,"70":0,"71":0,"72":0,"73":0,"74":0,"75":0,"76":0,"77":0,"78":0,"79":0,"80":0,"81":0,"82":0,"83":0,"84":0,"85":0,"86":0,"87":0,"88":0,"89":0,"90":0,"91":0,"92":0,"93":0,"94":0,"95":0,"96":0,"97":0,"98":0,"99":0,"100":0,"101":0,"102":0},"f":{"0":0,"1":0,"2":0,"3":0,"4":0,"5":0,"6":0,"7":0,"8":0,"9":0,"10":0},"b":{"0":[0],"1":[0,0],"2":[0,0],"3":[0,0],"4":[0],"5":[0,0],"6":[0,0],"7":[0,0],"8":[0],"9":[0,0],"10":[0],"11":[0],"12":[0],"13":[0,0],"14":[0,0],"15":[0,0],"16":[0],"17":[0],"18":[0,0]}}
,"/Users/nateaune/Documents/code/ExoMind/src/config/defaults.ts": {"path":"/Users/nateaune/Documents/code/ExoMind/src/config/defaults.ts","statementMap":{"0":{"start":{"line":212,"column":0},"end":{"line":212,"column":16}},"1":{"start":{"line":11,"column":13},"end":{"line":94,"column":2}},"2":{"start":{"line":99,"column":13},"end":{"line":137,"column":2}},"3":{"start":{"line":142,"column":13},"end":{"line":167,"column":2}},"4":{"start":{"line":172,"column":13},"end":{"line":207,"column":2}},"5":{"start":{"line":213,"column":14},"end":{"line":213,"column":51}},"6":{"start":{"line":214,"column":2},"end":{"line":214,"column":80}}},"fnMap":{"0":{"name":"getEnvironmentDefaults","decl":{"start":{"line":212,"column":16},"end":{"line":212,"column":38}},"loc":{"start":{"line":212,"column":38},"end":{"line":215,"column":1}}}},"branchMap":{"0":{"loc":{"start":{"line":213,"column":14},"end":{"line":213,"column":51}},"type":"binary-expr","locations":[{"start":{"line":213,"column":14},"end":{"line":213,"column":34}},{"start":{"line":213,"column":38},"end":{"line":213,"column":51}}]},"1":{"loc":{"start":{"line":214,"column":9},"end":{"line":214,"column":79}},"type":"binary-expr","locations":[{"start":{"line":214,"column":9},"end":{"line":214,"column":73}},{"start":{"line":214,"column":77},"end":{"line":214,"column":79}}]}},"s":{"0":1,"1":1,"2":1,"3":1,"4":1,"5":14,"6":14},"f":{"0":14},"b":{"0":[14,0],"1":[14,0]}}
,"/Users/nateaune/Documents/code/ExoMind/src/config/index.ts": {"path":"/Users/nateaune/Documents/code/ExoMind/src/config/index.ts","statementMap":{"0":{"start":{"line":146,"column":0},"end":{"line":146,"column":16}},"1":{"start":{"line":186,"column":0},"end":{"line":186,"column":16}},"2":{"start":{"line":204,"column":0},"end":{"line":204,"column":16}},"3":{"start":{"line":214,"column":0},"end":{"line":214,"column":16}},"4":{"start":{"line":6,"column":0},"end":{"line":6,"column":48}},"5":{"start":{"line":7,"column":0},"end":{"line":7,"column":67}},"6":{"start":{"line":8,"column":0},"end":{"line":8,"column":54}},"7":{"start":{"line":9,"column":0},"end":{"line":9,"column":102}},"8":{"start":{"line":10,"column":0},"end":{"line":10,"column":66}},"9":{"start":{"line":11,"column":0},"end":{"line":11,"column":20}},"10":{"start":{"line":12,"column":0},"end":{"line":12,"column":24}},"11":{"start":{"line":15,"column":0},"end":{"line":15,"column":15}},"12":{"start":{"line":21,"column":15},"end":{"line":21,"column":52}},"13":{"start":{"line":22,"column":16},"end":{"line":22,"column":34}},"14":{"start":{"line":23,"column":23},"end":{"line":23,"column":48}},"15":{"start":{"line":24,"column":20},"end":{"line":24,"column":42}},"16":{"start":{"line":26,"column":2},"end":{"line":43,"column":4}},"17":{"start":{"line":53,"column":2},"end":{"line":59,"column":3}},"18":{"start":{"line":54,"column":4},"end":{"line":58,"column":6}},"19":{"start":{"line":61,"column":2},"end":{"line":67,"column":3}},"20":{"start":{"line":62,"column":4},"end":{"line":66,"column":6}},"21":{"start":{"line":70,"column":2},"end":{"line":76,"column":3}},"22":{"start":{"line":71,"column":4},"end":{"line":75,"column":6}},"23":{"start":{"line":79,"column":2},"end":{"line":79,"column":49}},"24":{"start":{"line":82,"column":25},"end":{"line":82,"column":59}},"25":{"start":{"line":83,"column":2},"end":{"line":89,"column":3}},"26":{"start":{"line":84,"column":4},"end":{"line":88,"column":6}},"27":{"start":{"line":97,"column":20},"end":{"line":97,"column":47}},"28":{"start":{"line":98,"column":22},"end":{"line":98,"column":51}},"29":{"start":{"line":100,"column":2},"end":{"line":104,"column":3}},"30":{"start":{"line":101,"column":4},"end":{"line":103,"column":5}},"31":{"start":{"line":102,"column":6},"end":{"line":102,"column":45}},"32":{"start":{"line":107,"column":2},"end":{"line":109,"column":3}},"33":{"start":{"line":108,"column":4},"end":{"line":108,"column":67}},"34":{"start":{"line":117,"column":2},"end":{"line":117,"column":49}},"35":{"start":{"line":118,"column":2},"end":{"line":118,"column":44}},"36":{"start":{"line":119,"column":2},"end":{"line":119,"column":45}},"37":{"start":{"line":120,"column":2},"end":{"line":120,"column":44}},"38":{"start":{"line":121,"column":2},"end":{"line":121,"column":59}},"39":{"start":{"line":123,"column":27},"end":{"line":123,"column":68}},"40":{"start":{"line":124,"column":32},"end":{"line":124,"column":75}},"41":{"start":{"line":126,"column":2},"end":{"line":126,"column":123}},"42":{"start":{"line":128,"column":19},"end":{"line":128,"column":62}},"43":{"start":{"line":129,"column":2},"end":{"line":132,"column":3}},"44":{"start":{"line":130,"column":4},"end":{"line":130,"column":42}},"45":{"start":{"line":131,"column":4},"end":{"line":131,"column":55}},"46":{"start":{"line":131,"column":28},"end":{"line":131,"column":53}},"47":{"start":{"line":134,"column":2},"end":{"line":134,"column":29}},"48":{"start":{"line":135,"column":2},"end":{"line":135,"column":78}},"49":{"start":{"line":136,"column":2},"end":{"line":136,"column":100}},"50":{"start":{"line":137,"column":2},"end":{"line":137,"column":82}},"51":{"start":{"line":138,"column":2},"end":{"line":138,"column":49}},"52":{"start":{"line":150,"column":54},"end":{"line":150,"column":61}},"53":{"start":{"line":152,"column":2},"end":{"line":180,"column":3}},"54":{"start":{"line":154,"column":19},"end":{"line":154,"column":33}},"55":{"start":{"line":157,"column":4},"end":{"line":157,"column":27}},"56":{"start":{"line":160,"column":4},"end":{"line":162,"column":5}},"57":{"start":{"line":161,"column":6},"end":{"line":161,"column":32}},"58":{"start":{"line":165,"column":4},"end":{"line":167,"column":5}},"59":{"start":{"line":166,"column":6},"end":{"line":166,"column":33}},"60":{"start":{"line":169,"column":4},"end":{"line":169,"column":18}},"61":{"start":{"line":171,"column":4},"end":{"line":178,"column":5}},"62":{"start":{"line":172,"column":6},"end":{"line":172,"column":65}},"63":{"start":{"line":173,"column":6},"end":{"line":173,"column":48}},"64":{"start":{"line":174,"column":6},"end":{"line":176,"column":7}},"65":{"start":{"line":175,"column":8},"end":{"line":175,"column":52}},"66":{"start":{"line":177,"column":6},"end":{"line":177,"column":18}},"67":{"start":{"line":179,"column":4},"end":{"line":179,"column":16}},"68":{"start":{"line":187,"column":17},"end":{"line":187,"column":52}},"69":{"start":{"line":189,"column":2},"end":{"line":194,"column":4}},"70":{"start":{"line":198,"column":39},"end":{"line":198,"column":43}},"71":{"start":{"line":205,"column":2},"end":{"line":207,"column":3}},"72":{"start":{"line":206,"column":4},"end":{"line":206,"column":57}},"73":{"start":{"line":208,"column":2},"end":{"line":208,"column":24}},"74":{"start":{"line":215,"column":2},"end":{"line":215,"column":24}},"75":{"start":{"line":219,"column":0},"end":{"line":219,"column":32}},"76":{"start":{"line":220,"column":0},"end":{"line":220,"column":24}},"77":{"start":{"line":221,"column":0},"end":{"line":221,"column":31}},"78":{"start":{"line":222,"column":0},"end":{"line":222,"column":28}},"79":{"start":{"line":225,"column":0},"end":{"line":225,"column":25}}},"fnMap":{"0":{"name":"createConfig","decl":{"start":{"line":20,"column":9},"end":{"line":20,"column":21}},"loc":{"start":{"line":20,"column":21},"end":{"line":44,"column":1}}},"1":{"name":"validateConfig","decl":{"start":{"line":51,"column":9},"end":{"line":51,"column":23}},"loc":{"start":{"line":51,"column":41},"end":{"line":90,"column":1}}},"2":{"name":"ensureDirectories","decl":{"start":{"line":96,"column":9},"end":{"line":96,"column":26}},"loc":{"start":{"line":96,"column":44},"end":{"line":110,"column":1}}},"3":{"name":"printConfigSummary","decl":{"start":{"line":116,"column":9},"end":{"line":116,"column":27}},"loc":{"start":{"line":116,"column":45},"end":{"line":139,"column":1}}},"4":{"name":"(anonymous_9)","decl":{"start":{"line":131,"column":21},"end":{"line":131,"column":24}},"loc":{"start":{"line":131,"column":28},"end":{"line":131,"column":53}}},"5":{"name":"loadConfig","decl":{"start":{"line":146,"column":16},"end":{"line":146,"column":26}},"loc":{"start":{"line":149,"column":6},"end":{"line":181,"column":1}}},"6":{"name":"getConfigWithUtils","decl":{"start":{"line":186,"column":16},"end":{"line":186,"column":34}},"loc":{"start":{"line":186,"column":34},"end":{"line":195,"column":1}}},"7":{"name":"getConfig","decl":{"start":{"line":204,"column":16},"end":{"line":204,"column":25}},"loc":{"start":{"line":204,"column":25},"end":{"line":209,"column":1}}},"8":{"name":"resetConfig","decl":{"start":{"line":214,"column":16},"end":{"line":214,"column":27}},"loc":{"start":{"line":214,"column":27},"end":{"line":216,"column":1}}}},"branchMap":{"0":{"loc":{"start":{"line":21,"column":15},"end":{"line":21,"column":52}},"type":"binary-expr","locations":[{"start":{"line":21,"column":15},"end":{"line":21,"column":35}},{"start":{"line":21,"column":39},"end":{"line":21,"column":52}}]},"1":{"loc":{"start":{"line":28,"column":13},"end":{"line":28,"column":46}},"type":"binary-expr","locations":[{"start":{"line":28,"column":13},"end":{"line":28,"column":33}},{"start":{"line":28,"column":37},"end":{"line":28,"column":46}}]},"2":{"loc":{"start":{"line":29,"column":13},"end":{"line":29,"column":47}},"type":"binary-expr","locations":[{"start":{"line":29,"column":13},"end":{"line":29,"column":36}},{"start":{"line":29,"column":40},"end":{"line":29,"column":47}}]},"3":{"loc":{"start":{"line":34,"column":14},"end":{"line":34,"column":85}},"type":"binary-expr","locations":[{"start":{"line":34,"column":14},"end":{"line":34,"column":75}},{"start":{"line":34,"column":79},"end":{"line":34,"column":85}}]},"4":{"loc":{"start":{"line":36,"column":20},"end":{"line":36,"column":81}},"type":"binary-expr","locations":[{"start":
[...]
":{"line":278,"column":3}}},"37":{"name":"(anonymous_38)","decl":{"start":{"line":268,"column":29},"end":{"line":268,"column":34}},"loc":{"start":{"line":268,"column":40},"end":{"line":277,"column":5}}},"38":{"name":"(anonymous_39)","decl":{"start":{"line":280,"column":2},"end":{"line":280,"column":7}},"loc":{"start":{"line":280,"column":53},"end":{"line":292,"column":3}}},"39":{"name":"(anonymous_40)","decl":{"start":{"line":281,"column":29},"end":{"line":281,"column":34}},"loc":{"start":{"line":281,"column":40},"end":{"line":291,"column":5}}},"40":{"name":"(anonymous_41)","decl":{"start":{"line":296,"column":2},"end":{"line":296,"column":7}},"loc":{"start":{"line":299,"column":35},"end":{"line":322,"column":3}}},"41":{"name":"(anonymous_42)","decl":{"start":{"line":301,"column":29},"end":{"line":301,"column":34}},"loc":{"start":{"line":301,"column":40},"end":{"line":321,"column":5}}},"42":{"name":"(anonymous_43)","decl":{"start":{"line":326,"column":2},"end":{"line":326,"column":19}},"loc":{"start":{"line":326,"column":19},"end":{"line":328,"column":3}}},"43":{"name":"(anonymous_44)","decl":{"start":{"line":330,"column":2},"end":{"line":330,"column":7}},"loc":{"start":{"line":330,"column":22},"end":{"line":338,"column":3}}}},"branchMap":{"0":{"loc":{"start":{"line":49,"column":8},"end":{"line":51,"column":9}},"type":"if","locations":[{"start":{"line":49,"column":8},"end":{"line":51,"column":9}}]},"1":{"loc":{"start":{"line":58,"column":4},"end":{"line":60,"column":5}},"type":"if","locations":[{"start":{"line":58,"column":4},"end":{"line":60,"column":5}}]},"2":{"loc":{"start":{"line":61,"column":4},"end":{"line":63,"column":5}},"type":"if","locations":[{"start":{"line":61,"column":4},"end":{"line":63,"column":5}}]},"3":{"loc":{"start":{"line":67,"column":4},"end":{"line":74,"column":5}},"type":"if","locations":[{"start":{"line":67,"column":4},"end":{"line":74,"column":5}}]},"4":{"loc":{"start":{"line":69,"column":6},"end":{"line":73,"column":7}},"type":"if","locations":[{"start":{"line":69,"column":6},"end":{"line":73,"column":7}}]},"5":{"loc":{"start":{"line":90,"column":6},"end":{"line":92,"column":7}},"type":"if","locations":[{"start":{"line":90,"column":6},"end":{"line":92,"column":7}}]},"6":{"loc":{"start":{"line":97,"column":4},"end":{"line":99,"column":5}},"type":"if","locations":[{"start":{"line":97,"column":4},"end":{"line":99,"column":5}}]},"7":{"loc":{"start":{"line":97,"column":8},"end":{"line":97,"column":64}},"type":"binary-expr","locations":[{"start":{"line":97,"column":8},"end":{"line":97,"column":30}},{"start":{"line":97,"column":34},"end":{"line":97,"column":64}}]},"8":{"loc":{"start":{"line":105,"column":6},"end":{"line":109,"column":7}},"type":"if","locations":[{"start":{"line":105,"column":6},"end":{"line":109,"column":7}}]},"9":{"loc":{"start":{"line":116,"column":4},"end":{"line":123,"column":5}},"type":"if","locations":[{"start":{"line":116,"column":4},"end":{"line":123,"column":5}},{"start":{"line":119,"column":11},"end":{"line":123,"column":5}}]},"10":{"loc":{"start":{"line":119,"column":11},"end":{"line":123,"column":5}},"type":"if","locations":[{"start":{"line":119,"column":11},"end":{"line":123,"column":5}},{"start":{"line":121,"column":11},"end":{"line":123,"column":5}}]},"11":{"loc":{"start":{"line":297,"column":4},"end":{"line":297,"column":27}},"type":"default-arg","locations":[{"start":{"line":297,"column":24},"end":{"line":297,"column":27}}]},"12":{"loc":{"start":{"line":298,"column":4},"end":{"line":298,"column":37}},"type":"default-arg","locations":[{"start":{"line":298,"column":30},"end":{"line":298,"column":37}}]},"13":{"loc":{"start":{"line":299,"column":4},"end":{"line":299,"column":35}},"type":"default-arg","locations":[{"start":{"line":299,"column":33},"end":{"line":299,"column":35}}]},"14":{"loc":{"start":{"line":314,"column":20},"end":{"line":314,"column":62}},"type":"cond-expr","locations":[{"start":{"line":314,"column":42},"end":{"line":314,"column":50}},{"start":{"line":314,"column":53},"end":{"line":314,"column":62}}]}},"s":{"0":0,"1":0,"2":0,"3":0,"4":0,"5":0,"6":0,"7":0,"8":0,"9":0,"10":0,"11":0,"12":0,"13":0,"14":0,"15":0,"16":0,"17":0,"18":0,"19":0,"20":0,"21":0,"22":0,"23":0,"24":0,"25":0,"26":0,"27":0,"28":0,"29":0,"30":0,"31":0,"32":0,"33":0,"34":0,"35":0,"36":0,"37":0,"38":0,"39":0,"40":0,"41":0,"42":0,"43":0,"44":0,"45":0,"46":0,"47":0,"48":0,"49":0,"50":0,"51":0,"52":0,"53":0,"54":0,"55":0,"56":0,"57":0,"58":0,"59":0,"60":0,"61":0,"62":0,"63":0,"64":0,"65":0,"66":0,"67":0,"68":0,"69":0,"70":0,"71":0,"72":0,"73":0,"74":0,"75":0,"76":0,"77":0,"78":0,"79":0,"80":0,"81":0,"82":0,"83":0,"84":0,"85":0,"86":0,"87":0,"88":0,"89":0,"90":0,"91":0,"92":0,"93":0,"94":0,"95":0,"96":0,"97":0,"98":0,"99":0,"100":0,"101":0,"102":0,"103":0,"104":0,"105":0,"106":0,"107":0,"108":0,"109":0,"110":0,"111":0,"112":0,"113":0,"114":0,"115":0,"116":0,"117":0,"118":0,"119":0,"120":0,"121":0,"122":0,"123":0,"124":0,"125":0,"126":0,"127":0},"f":{"0":0,"1":0,"2":0,"3":0,"4":0,"5":0,"6":0,"7":0,"8":0,"9":0,"10":0,"11":0,"12":0,"13":0,"14":0,"15":0,"16":0,"17":0,"18":0,"19":0,"20":0,"21":0,"22":0,"23":0,"24":0,"25":0,"26":0,"27":0,"28":0,"29":0,"30":0,"31":0,"32":0,"33":0,"34":0,"35":0,"36":0,"37":0,"38":0,"39":0,"40":0,"41":0,"42":0,"43":0},"b":{"0":[0],"1":[0],"2":[0],"3":[0],"4":[0],"5":[0],"6":[0],"7":[0,0],"8":[0],"9":[0,0],"10":[0,0],"11":[0],"12":[0],"13":[0],"14":[0,0]}}
,"/Users/nateaune/Documents/code/ExoMind/src/types/config.ts": {"path":"/Users/nateaune/Documents/code/ExoMind/src/types/config.ts","statementMap":{"0":{"start":{"line":221,"column":4},"end":{"line":221,"column":19}},"1":{"start":{"line":218,"column":20},"end":{"line":218,"column":33}},"2":{"start":{"line":219,"column":20},"end":{"line":219,"column":36}},"3":{"start":{"line":222,"column":4},"end":{"line":222,"column":40}},"4":{"start":{"line":215,"column":0},"end":{"line":215,"column":13}}},"fnMap":{"0":{"name":"(anonymous_0)","decl":{"start":{"line":216,"column":2},"end":{"line":216,"column":null}},"loc":{"start":{"line":219,"column":36},"end":{"line":223,"column":3}}}},"branchMap":{},"s":{"0":0,"1":0,"2":0,"3":0,"4":0},"f":{"0":0},"b":{}}
,"/Users/nateaune/Documents/code/ExoMind/src/utils/date-helpers.ts": {"path":"/Users/nateaune/Documents/code/ExoMind/src/utils/date-helpers.ts","statementMap":{"0":{"start":{"line":9,"column":0},"end":{"line":9,"column":16}},"1":{"start":{"line":21,"column":0},"end":{"line":21,"column":16}},"2":{"start":{"line":36,"column":0},"end":{"line":36,"column":16}},"3":{"start":{"line":52,"column":0},"end":{"line":52,"column":16}},"4":{"start":{"line":71,"column":0},"end":{"line":71,"column":16}},"5":{"start":{"line":81,"column":0},"end":{"line":81,"column":16}},"6":{"start":{"line":88,"column":0},"end":{"line":88,"column":16}},"7":{"start":{"line":95,"column":0},"end":{"line":95,"column":16}},"8":{"start":{"line":106,"column":0},"end":{"line":106,"column":16}},"9":{"start":{"line":117,"column":0},"end":{"line":117,"column":16}},"10":{"start":{"line":128,"column":0},"end":{"line":128,"column":16}},"11":{"start":{"line":139,"column":0},"end":{"line":139,"column":16}},"12":{"start":{"line":147,"column":0},"end":{"line":147,"column":16}},"13":{"start":{"line":155,"column":0},"end":{"line":155,"column":16}},"14":{"start":{"line":165,"column":0},"end":{"line":165,"column":16}},"15":{"start":{"line":182,"column":0},"end":{"line":182,"column":16}},"16":{"start":{"line":197,"column":0},"end":{"line":197,"column":16}},"17":{"start":{"line":10,"column":12},"end":{"line":10,"column":83}},"18":{"start":{"line":11,"column":17},"end":{"line":11,"column":35}},"19":{"start":{"line":12,"column":2},"end":{"line":12,"column":44}},"20":{"start":{"line":13,"column":20},"end":{"line":13,"column":64}},"21":{"start":{"line":14,"column":18},"end":{"line":14,"column":87}},"22":{"start":{"line":15,"column":2},"end":{"line":15,"column":53}},"23":{"start":{"line":22,"column":15},"end":{"line":22,"column":45}},"24":{"start":{"line":23,"column":18},"end":{"line":23,"column":39}},"25":{"start":{"line":24,"column":20},"end":{"line":24,"column":34}},"26":{"start":{"line":25,"column":2},"end":{"line":25,"column":73}},"27":{"start":{"line":27,"column":18},"end":{"line":27,"column":37}},"28":{"start":{"line":28,"column":2},"end":{"line":28,"column":49}},"29":{"start":{"line":30,"column":2},"end":{"line":30,"column":44}},"30":{"start":{"line":37,"column":20},"end":{"line":37,"column":45}},"31":{"start":{"line":38,"column":26},"end":{"line":38,"column":28}},"32":{"start":{"line":40,"column":2},"end":{"line":44,"column":3}},"33":{"start":{"line":40,"column":15},"end":{"line":40,"column":16}},"34":{"start":{"line":41,"column":17},"end":{"line":41,"column":32}},"35":{"start":{"line":42,"column":4},"end":{"line":42,"column":44}},"36":{"start":{"line":43,"column":4},"end":{"line":43,"column":33}},"37":{"start":{"line":46,"column":2},"end":{"line":46,"column":15}},"38":{"start":{"line":53,"column":19},"end":{"line":53,"column":47}},"39":{"start":{"line":54,"column":18},"end":{"line":54,"column":42}},"40":{"start":{"line":56,"column":16},"end":{"line":56,"column":33}},"41":{"start":{"line":57,"column":18},"end":{"line":57,"column":36}},"42":{"start":{"line":59,"column":2},"end":{"line":63,"column":3}},"43":{"start":{"line":60,"column":37},"end":{"line":60,"column":56}},"44":{"start":{"line":61,"column":4},"end":{"line":61,"column":42}},"45":{"start":{"line":62,"column":4},"end":{"line":62,"column":43}},"46":{"start":{"line":65,"column":2},"end":{"line":65,"column":34}},"47":{"start":{"line":72,"column":15},"end":{"line":72,"column":33}},"48":{"start":{"line":73,"column":16},"end":{"line":73,"column":60}},"49":{"start":{"line":74,"column":14},"end":{"line":74,"column":53}},"50":{"start":{"line":75,"column":2},"end":{"line":75,"column":35}},"51":{"start":{"line":82,"column":2},"end":{"line":82,"column":53}},"52":{"start":{"line":89,"column":2},"end":{"line":89,"column":53}},"53":{"start":{"line":96,"column":16},"end":{"line":96,"column":58}},"54":{"start":{"line":97,"column":2},"end":{"line":97,"column":26}},"55":{"start":{"line":97,"column":14},"end":{"line":97,"column":26}},"56":{"start":{"line":99,"column":31},"end":{"line":99,"column":36}},"57":{"start":{"line":100,"column":2},"end":{"line":100,"column":70}},"58":{"start":{"line":107,"column":16},"end":{"line":107,"column":51}},"59":{"start":{"line":108,"column":2},"end":{"line":108,"column":26}},"60":{"start":{"line":108,"column":14},"end":{"line":108,"column":26}},"61":{"start":{"line":110,"column":25},"end":{"line":110,"column":30}},"62":{"start":{"line":111,"column":2},"end":{"line":111,"column":56}},"63":{"start":{"line":118,"column":16},"end":{"line":118,"column":51}},"64":{"start":{"line":119,"column":2},"end":{"line":119,"column":26}},"65":{"start":{"line":119,"column":14},"end":{"line":119,"column":26}},"66":{"start":{"line":121,"column":26},"end":{"line":121,"column":31}},"67":{"start":{"line":122,"column":2},"end":{"line":122,"column":58}},"68":{"start":{"line":129,"column":16},"end":{"line":132,"column":4}},"69":{"start":{"line":133,"column":2},"end":{"line":133,"column":32}},"70":{"start":{"line":140,"column":16},"end":{"line":140,"column":94}},"71":{"start":{"line":141,"column":2},"end":{"line":141,"column":30}},"72":{"start":{"line":148,"column":16},"end":{"line":148,"column":26}},"73":{"start":{"line":149,"column":2},"end":{"line":149,"column":48}},"74":{"start":{"line":156,"column":16},"end":{"line":156,"column":26}},"75":{"start":{"line":157,"column":51},"end":{"line":157,"column":68}},"76":{"start":{"line":158,"column":25},"end":{"line":158,"column":41}},"77":{"start":{"line":159,"column":2},"end":{"line":159,"column":54}},"78":{"start":{"line":166,"column":16},"end":{"line":166,"column":26}},"79":{"start":{"line":167,"column":19},"end":{"line":167,"column":51}},"80":{"start":{"line":168,"column":19},"end":{"line":168,"column":63}},"81":{"start":{"line":170,"column":2},"end":{"line":170,"column":37}},"82":{"start":{"line":170,"column":22},"end":{"line":170,"column":37}},"83":{"start":{"line":171,"column":2},"end":{"line":171,"column":41}},"84":{"start":{"line":171,"column":22},"end":{"line":171,"column":41}},"85":{"start":{"line":172,"column":2},"end":{"line":172,"column":41}},"86":{"start":{"line":172,"column":23},"end":{"line":172,"column":41}},"87":{"start":{"line":173,"column":2},"end":{"line":173,"column":67}},"88":{"start":{"line":173,"column":37},"end":{"line":173,"column":67}},"89":{"start":{"line":174,"column":2},"end":{"line":174,"column":77}},"90":{"start":{"line":174,"column":38},"end":{"line":174,"column":77}},"91":{"start":{"line":176,"column":2},"end":{"line":176,"column":26}},"92":{"start":{"line":183,"column":26},"end":{"line":183,"column":28}},"93":{"start":{"line":184,"column":18},"end":{"line":184,"column":33}},"94":{"start":{"line":186,"column":2},"end":{"line":189,"column":3}},"95":{"start":{"line":187,"column":4},"end":{"line":187,"column":36}},"96":{"start":{"line":188,"column":4},"end":{"line":188,"column":43}},"97":{"start":{"line":191,"column":2},"end":{"line":191,"column":15}},"98":{"start":{"line":198,"column":17},"end":{"line":198,"column":31}},"99":{"start":{"line":199,"column":2},"end":{"line":199,"column":48}},"100":{"start":{"line":200,"column":2},"end":{"line":200,"column":16}}},"fnMap":{"0":{"name":"getISOWeek","decl":{"start":{"line":9,"column":16},"end":{"line":9,"column":26}},"loc":{"start":{"line":9,"column":37},"end":{"line":16,"column":1}}},"1":{"name":"getWeekBounds","decl":{"start":{"line":21,"column":16},"end":{"line":21,"column":29}},"loc":{"start":{"line":21,"column":56},"end":{"line":31,"column":1}}},"2":{"name":"getDatesInWeek","decl":{"start":{"line":36,"column":16},"end":{"line":36,"column":30}},"loc":{"start":{"line":36,"column":57},"end":{"line":47,"column":1}}},"3":{"name":"getWeeksInMonth","decl":{"start":{"line":52,"column":16},"end":{"line":52,"column":31}},"loc":{"start":{"line":52,"column":59},"end":{"line":66,"column":1}}},"4":{"name":"formatDate","decl":{"start":{"line":71,"column":16},"end":{"line":71,"column":26}},"loc":{"start":{"line":71,"column":37},"end":{"line":76,"column":1}}},"5":{"name":"formatWeek","decl":{"start":{"line":81,"column":16},"end":{"line":81,"column":26}},"loc":{"start":{"line":81,"column":53},"end":{"line":83,"column":1}}},"6":{"name":"formatMonth","decl":{"start":{"line":88,"column":16},"end":{"line":88,"column":27}},"loc":{"start":{"line":88,"column":55},"end":{"line":90,"column":1}}},"7":{"name":"parseDate","decl":{"start":{"line":95,"column":16},"end":{"line":95,"column":25}},"loc":{"start":{"line":95,"column":41},"end":{"line":101,"column":1}}},"8":{"name":"parseWeek","decl":{"start":{"line":106,"column":16},"end":{"line":106,"column":25}},"loc":{"start":{"line":106,"column":41},"end":{"line":112,"column":1}}},"9":{"name":"parseMonth","decl":{"start":{"line":117,"column":16},"end":{"line":117,"column":26}},"loc":{"start":{"line":117,"column":43},"end":{"line":123,"column":1}}},"10":{"name":"getMonthName","decl":{"start":{"line":128,"column":16},"end":{"line":128,"column":28}},"loc":{"start":{"line":128,"column":42},"end":{"line":134,"column":1}}},"11":{"name":"getDayName","decl":{"start":{"line":139,"column":16},"end":{"line":139,"column":26}},"loc":{"start":{"line":139,"column":37},"end":{"line":142,"column":1}}},"12":{"name":"isToday","decl":{"start":{"line":147,"column":16},"end":{"line":147,"column":23}},"loc":{"start":{"line":147,"column":34},"end":{"line":150,"column":1}}},"13":{"name":"isCurrentWeek","decl":{"start":{"line":155,"column":16},"end":{"line":155,"column":29}},"loc":{"start":{"line":155,"column":40},"end":{"line":160,"column":1}}},"14":{"name":"getRelativeDateDescription","decl":{"start":{"line":165,"column":16},"end":{"line":165,"column":42}},"loc":{"start":{"line":165,"column":53},"end":{"line":177,"column":1}}},"15":{"name":"getDateRange","decl":{"start":{"line":182,"column":16},"end":{"line":182,"column":28}},"loc":{"start":{"line":182,"column":51},"end":{"line":192,"column":1}}},"16":{"name":"getDateWithOffset","decl":{"start":{"line":197,"column":16},"end":{"line":197,"column":33}},"loc":{"start":{"line":197,"column":64},"end":{"line":201,"column":1}}}},"branchMap":{"0":{"loc":{"start":{"line":11,"column":17},"end":{"line":11,"column":35}},"type":"binary-expr","locations":[{"start":{"line":11,"column":17},"end":{"line":11,"column":30}},{"start":{"line":11,"column":34},"end":{"line":11,"column":35}}]},"1":{"loc":{"start":{"line":23,"column":18},"end":{"line":23,"column":39}},"type":"binary-expr","locations":[{"start":{"line":23,"column":18},"end":{"line":23,"column":34}},{"start":{"line":23,"column":38},"end":{"line":23,"column":39}}]},"2":{"loc":{"start":{"line":97,"column":2},"end":{"line":97,"column":26}},"type":"if","locations":[{"start":{"line":97,"column":2},"end":{"line":97,"column":26}}]},"3":{"loc":{"start":{"line":108,"column":2},"end":{"line":108,"column":26}},"type":"if","locations":[{"start":{"line":108,"column":2},"end":{"line":108,"column":26}}]},"4":{"loc":{"start":{"line":119,"column":2},"end":{"line":119,"column":26}},"type":"if","locations":[{"start":{"line":119,"column":2},"end":{"line":119,"column":26}}]},"5":{"loc":{"start":{"line":133,"column":9},"end":{"line":133,"column":31}},"type":"binary-expr","locations":[{"start":{"line":133,"column":9},"end":{"line":133,"column":25}},{"start":{"line":133,"column":29},"end":{"line":133,"column":31}}]},"6":{"loc":{"start":{"line":159,"column":9},"end":{"line":159,"column":53}},"type":"binary-expr","locations":[{"start":{"line":159,"column":9},"end":{"line":159,"column":29}},{"start":{"line":159,"column":33},"end":{"line":159,"column":53}}]},"7":{"loc":{"start":{"line":170,"column":2},"end":{"line":170,"column":37}},"type":"if","locations":[{"start":{"line":170,"column":2},"end":{"line":170,"column":37}}]},"8":{"loc":{"start":{"line":171,"column":2},"end":{"line":171,"column":41}},"type":"if","locations":[{"start":{"line":171,"column":2},"end":{"line":171,"column":41}}]},"9":{"loc":{"start":{"line":172,"column":2},"end":{"line":172,"column":41}},"type":"if","locations":[{"start":{"line":172,"column":2},"end":{"line":172,"column":41}}]},"10":{"loc":{"start":{"line":173,"column":2},"end":{"line":173,"column":67}},"type":"if","locations":[{"start":{"line":173,"column":2},"end":{"line":173,"column":67}}]},"11":{"loc":{"start":{"line":173,"column":6},"end":{"line":173,"column":35}},"type":"binary-expr","locations":[{"start":{"line":173,"column":6},"end":{"line":173,"column":18}},{"start":{"line":173,"column":22},"end":{"line":173,"column":35}}]},"12":{"loc":{"start":{"line":174,"column":2},"end":{"line":174,"column":77}},"type":"if","locations":[{"start":{"line":174,"column":2},"end":{"line":174,"column":77}}]},"13":{"loc":{"start":{"line":174,"column":6},"end":{"line":174,"column":36}},"type":"binary-expr","locations":[{"start":{"line":174,"column":6},"end":{"line":174,"column":18}},{"start":{"line":174,"column":22},"end":{"line":174,"column":36}}]}},"s":{"0":0,"1":0,"2":0,"3":0,"4":0,"5":0,"6":0,"7":0,"8":0,"9":0,"10":0,"11":0,"12":0,"13":0,"14":0,"15":0,"16":0,"17":0,"18":0,"19":0,"20":0,"21":0,"22":0,"23":0,"24":0,"25":0,"26":0,"27":0,"28":0,"29":0,"30":0,"31":0,"32":0,"33":0,"34":0,"35":0,"36":0,"37":0,"38":0,"39":0,"40":0,"41":0,"42":0,"43":0,"44":0,"45":0,"46":0,"47":0,"48":0,"49":0,"50":0,"51":0,"52":0,"53":0,"54":0,"55":0,"56":0,"57":0,"58":0,"59":0,"60":0,"61":0,"62":0,"63":0,"64":0,"65":0,"66":0,"67":0,"68":0,"69":0,"70":0,"71":0,"72":0,"73":0,"74":0,"75":0,"76":0,"77":0,"78":0,"79":0,"80":0,"81":0,"82":0,"83":0,"84":0,"85":0,"86":0,"87":0,"88":0,"89":0,"90":0,"91":0,"92":0,"93":0,"94":0,"95":0,"96":0,"97":0,"98":0,"99":0,"100":0},"f":{"0":0,"1":0,"2":0,"3":0,"4":0,"5":0,"6":0,"7":0,"8":0,"9":0,"10":0,"11":0,"12":0,"13":0,"14":0,"15":0,"16":0},"b":{"0":[0,0],"1":[0,0],"2":[0],"3":[0],"4":[0],"5":[0,0],"6":[0,0],"7":[0],"8":[0],"9":[0],"10":[0],"11":[0,0],"12":[0],"13":[0,0]}}
}
