TN:
SF:src/briefings/cli.ts
FN:29,main
FN:85,(anonymous_1)
FN:99,(anonymous_2)
FN:184,(anonymous_3)
FNF:4
FNH:0
FNDA:0,main
FNDA:0,(anonymous_1)
FNDA:0,(anonymous_2)
FNDA:0,(anonymous_3)
DA:7,0
DA:13,0
DA:21,0
DA:26,0
DA:27,0
DA:30,0
DA:31,0
DA:32,0
DA:34,0
DA:36,0
DA:38,0
DA:39,0
DA:40,0
DA:44,0
DA:46,0
DA:47,0
DA:49,0
DA:50,0
DA:52,0
DA:53,0
DA:56,0
DA:57,0
DA:61,0
DA:62,0
DA:64,0
DA:65,0
DA:66,0
DA:69,0
DA:71,0
DA:72,0
DA:74,0
DA:75,0
DA:77,0
DA:81,0
DA:82,0
DA:85,0
DA:86,0
DA:87,0
DA:89,0
DA:93,0
DA:95,0
DA:96,0
DA:98,0
DA:99,0
DA:100,0
DA:103,0
DA:107,0
DA:109,0
DA:110,0
DA:111,0
DA:112,0
DA:113,0
DA:114,0
DA:116,0
DA:117,0
DA:118,0
DA:121,0
DA:124,0
DA:125,0
DA:127,0
DA:128,0
DA:129,0
DA:130,0
DA:132,0
DA:135,0
DA:138,0
DA:139,0
DA:140,0
DA:141,0
DA:143,0
DA:145,0
DA:146,0
DA:148,0
DA:149,0
DA:151,0
DA:155,0
DA:156,0
DA:157,0
DA:158,0
DA:160,0
DA:162,0
DA:163,0
DA:164,0
DA:165,0
DA:166,0
DA:167,0
DA:168,0
DA:172,0
DA:173,0
DA:174,0
DA:175,0
DA:177,0
DA:179,0
DA:181,0
DA:182,0
DA:184,0
DA:185,0
DA:186,0
DA:187,0
DA:188,0
DA:189,0
DA:190,0
DA:191,0
DA:193,0
DA:196,0
DA:200,0
DA:232,0
DA:235,0
DA:236,0
DA:240,0
LF:110
LH:0
BRDA:34,0,0,0
BRDA:34,0,1,0
BRDA:34,0,2,0
BRDA:34,0,3,0
BRDA:34,0,4,0
BRDA:34,0,5,0
BRDA:34,0,6,0
BRDA:34,0,7,0
BRDA:38,1,0,0
BRDA:38,2,0,0
BRDA:38,2,1,0
BRDA:44,3,0,0
BRDA:44,3,1,0
BRDA:44,3,2,0
BRDA:64,4,0,0
BRDA:64,5,0,0
BRDA:64,5,1,0
BRDA:71,6,0,0
BRDA:71,6,1,0
BRDA:95,7,0,0
BRDA:95,7,1,0
BRDA:109,8,0,0
BRDA:109,8,1,0
BRDA:112,9,0,0
BRDA:112,9,1,0
BRDA:116,10,0,0
BRDA:116,11,0,0
BRDA:116,11,1,0
BRDA:128,12,0,0
BRDA:139,13,0,0
BRDA:139,13,1,0
BRDA:140,14,0,0
BRDA:140,14,1,0
BRDA:141,15,0,0
BRDA:155,16,0,0
BRDA:155,16,1,0
BRDA:172,17,0,0
BRDA:172,17,1,0
BRDA:181,18,0,0
BRDA:181,18,1,0
BRDA:185,19,0,0
BRDA:185,19,1,0
BRDA:186,20,0,0
BRDA:186,20,1,0
BRDA:190,21,0,0
BRF:45
BRH:0
end_of_record
TN:
SF:src/briefings/generator.ts
FN:18,generateMorningBriefing
FN:33,(anonymous_10)
FN:45,generateEveningBriefing
FN:73,generateWeeklySummary
FN:113,loadTodaysPriorities
FN:122,(anonymous_14)
FN:128,loadTomorrowsPriorities
FN:150,loadTodaysEvents
FN:160,(anonymous_17)
FN:165,(anonymous_18)
FN:180,loadHighPriorityTasks
FN:189,(anonymous_20)
FN:199,loadUnfinishedTasks
FN:208,(anonymous_22)
FN:218,loadDailyLog
FN:236,generateReflectionPrompts
FN:246,(anonymous_25)
FN:253,getTimeBasedGreeting
FN:264,formatDateForFile
FN:274,formatEventTime
FN:287,calculateDuration
FN:308,getWeekDates
FN:325,ensureMemoryDirectories
FNF:23
FNH:0
FNDA:0,generateMorningBriefing
FNDA:0,(anonymous_10)
FNDA:0,generateEveningBriefing
FNDA:0,generateWeeklySummary
FNDA:0,loadTodaysPriorities
FNDA:0,(anonymous_14)
FNDA:0,loadTomorrowsPriorities
FNDA:0,loadTodaysEvents
FNDA:0,(anonymous_17)
FNDA:0,(anonymous_18)
FNDA:0,loadHighPriorityTasks
FNDA:0,(anonymous_20)
FNDA:0,loadUnfinishedTasks
FNDA:0,(anonymous_22)
FNDA:0,loadDailyLog
FNDA:0,generateReflectionPrompts
FNDA:0,(anonymous_25)
FNDA:0,getTimeBasedGreeting
FNDA:0,formatDateForFile
FNDA:0,formatEventTime
FNDA:0,calculateDuration
FNDA:0,getWeekDates
FNDA:0,ensureMemoryDirectories
DA:5,0
DA:6,0
DA:8,0
DA:10,0
DA:11,0
DA:12,0
DA:13,0
DA:18,0
DA:19,0
DA:22,0
DA:23,0
DA:24,0
DA:26,0
DA:33,0
DA:38,0
DA:39,0
DA:45,0
DA:46,0
DA:49,0
DA:50,0
DA:51,0
DA:53,0
DA:66,0
DA:67,0
DA:73,0
DA:74,0
DA:77,0
DA:78,0
DA:79,0
DA:80,0
DA:82,0
DA:83,0
DA:84,0
DA:86,0
DA:87,0
DA:88,0
DA:89,0
DA:90,0
DA:94,0
DA:106,0
DA:107,0
DA:114,0
DA:116,0
DA:117,0
DA:121,0
DA:122,0
DA:129,0
DA:130,0
DA:131,0
DA:133,0
DA:135,0
DA:136,0
DA:140,0
DA:151,0
DA:152,0
DA:153,0
DA:156,0
DA:157,0
DA:160,0
DA:161,0
DA:162,0
DA:165,0
DA:172,0
DA:173,0
DA:181,0
DA:182,0
DA:183,0
DA:186,0
DA:187,0
DA:189,0
DA:191,0
DA:192,0
DA:200,0
DA:201,0
DA:202,0
DA:205,0
DA:206,0
DA:208,0
DA:210,0
DA:211,0
DA:219,0
DA:220,0
DA:222,0
DA:223,0
DA:226,0
DA:228,0
DA:229,0
DA:237,0
DA:246,0
DA:247,0
DA:254,0
DA:256,0
DA:257,0
DA:258,0
DA:265,0
DA:266,0
DA:267,0
DA:268,0
DA:275,0
DA:276,0
DA:277,0
DA:278,0
DA:279,0
DA:281,0
DA:288,0
DA:289,0
DA:291,0
DA:292,0
DA:295,0
DA:296,0
DA:298,0
DA:299,0
DA:302,0
DA:309,0
DA:310,0
DA:311,0
DA:313,0
DA:314,0
DA:315,0
DA:316,0
DA:319,0
DA:325,0
DA:326,0
DA:327,0
DA:330,0
DA:331,0
LF:126
LH:0
BRDA:18,0,0,0
BRDA:45,1,0,0
BRDA:57,2,0,0
BRDA:57,2,1,0
BRDA:58,3,0,0
BRDA:58,3,1,0
BRDA:73,4,0,0
BRDA:86,5,0,0
BRDA:87,6,0,0
BRDA:87,6,1,0
BRDA:88,7,0,0
BRDA:88,7,1,0
BRDA:89,8,0,0
BRDA:89,8,1,0
BRDA:90,9,0,0
BRDA:90,9,1,0
BRDA:116,10,0,0
BRDA:135,11,0,0
BRDA:152,12,0,0
BRDA:160,13,0,0
BRDA:160,13,1,0
BRDA:166,14,0,0
BRDA:166,14,1,0
BRDA:182,15,0,0
BRDA:187,16,0,0
BRDA:187,16,1,0
BRDA:189,17,0,0
BRDA:189,17,1,0
BRDA:201,18,0,0
BRDA:206,19,0,0
BRDA:206,19,1,0
BRDA:222,20,0,0
BRDA:256,21,0,0
BRDA:257,22,0,0
BRDA:277,23,0,0
BRDA:277,23,1,0
BRDA:278,24,0,0
BRDA:278,24,1,0
BRDA:291,25,0,0
BRDA:298,26,0,0
BRDA:326,27,0,0
BRDA:330,28,0,0
BRF:42
BRH:0
end_of_record
TN:
SF:src/briefings/index.ts
FNF:0
FNH:0
DA:5,0
DA:6,0
DA:7,0
DA:8,0
DA:9,0
LF:5
LH:0
BRF:0
BRH:0
end_of_record
TN:
SF:src/briefings/scheduler.ts
FN:56,initializeScheduler
FN:73,loadConfig
FN:89,saveConfig
FN:105,loadSchedules
FN:121,saveSchedules
FN:137,checkPendingBriefings
FN:182,wasAlreadySentToday
FN:200,updateScheduleLastSent
FN:202,(anonymous_17)
FN:213,processPendingBriefings
FN:268,getNextScheduledTime
FN:277,(anonymous_20)
FN:301,startScheduler
FN:310,(anonymous_22)
FN:324,triggerBriefing
FNF:15
FNH:0
FNDA:0,initializeScheduler
FNDA:0,loadConfig
FNDA:0,saveConfig
FNDA:0,loadSchedules
FNDA:0,saveSchedules
FNDA:0,checkPendingBriefings
FNDA:0,wasAlreadySentToday
FNDA:0,updateScheduleLastSent
FNDA:0,(anonymous_17)
FNDA:0,processPendingBriefings
FNDA:0,getNextScheduledTime
FNDA:0,(anonymous_20)
FNDA:0,startScheduler
FNDA:0,(anonymous_22)
FNDA:0,triggerBriefing
DA:5,0
DA:6,0
DA:8,0
DA:9,0
DA:11,0
DA:12,0
DA:13,0
DA:15,0
DA:29,0
DA:56,0
DA:57,0
DA:58,0
DA:61,0
DA:62,0
DA:65,0
DA:66,0
DA:73,0
DA:74,0
DA:75,0
DA:76,0
DA:79,0
DA:81,0
DA:82,0
DA:89,0
DA:90,0
DA:91,0
DA:92,0
DA:95,0
DA:97,0
DA:98,0
DA:105,0
DA:106,0
DA:107,0
DA:108,0
DA:111,0
DA:113,0
DA:114,0
DA:121,0
DA:122,0
DA:123,0
DA:124,0
DA:127,0
DA:129,0
DA:130,0
DA:137,0
DA:138,0
DA:139,0
DA:140,0
DA:141,0
DA:143,0
DA:144,0
DA:145,0
DA:149,0
DA:150,0
DA:154,0
DA:155,0
DA:156,0
DA:160,0
DA:161,0
DA:162,0
DA:165,0
DA:170,0
DA:171,0
DA:176,0
DA:183,0
DA:184,0
DA:187,0
DA:188,0
DA:190,0
DA:200,0
DA:201,0
DA:202,0
DA:204,0
DA:205,0
DA:206,0
DA:213,0
DA:214,0
DA:215,0
DA:216,0
DA:218,0
DA:219,0
DA:220,0
DA:223,0
DA:224,0
DA:227,0
DA:229,0
DA:230,0
DA:232,0
DA:233,0
DA:235,0
DA:236,0
DA:238,0
DA:239,0
DA:242,0
DA:244,0
DA:245,0
DA:248,0
DA:250,0
DA:251,0
DA:262,0
DA:268,0
DA:269,0
DA:270,0
DA:273,0
DA:274,0
DA:277,0
DA:279,0
DA:280,0
DA:281,0
DA:282,0
DA:287,0
DA:288,0
DA:291,0
DA:292,0
DA:293,0
DA:295,0
DA:301,0
DA:302,0
DA:303,0
DA:306,0
DA:309,0
DA:310,0
DA:311,0
DA:312,0
DA:314,0
DA:318,0
DA:324,0
DA:328,0
DA:329,0
DA:331,0
DA:332,0
DA:337,0
DA:339,0
DA:340,0
DA:342,0
DA:343,0
DA:345,0
DA:346,0
DA:348,0
DA:351,0
LF:140
LH:0
BRDA:57,0,0,0
BRDA:61,1,0,0
BRDA:65,2,0,0
BRDA:75,3,0,0
BRDA:91,4,0,0
BRDA:107,5,0,0
BRDA:123,6,0,0
BRDA:144,7,0,0
BRDA:149,8,0,0
BRDA:155,9,0,0
BRDA:165,10,0,0
BRDA:166,11,0,0
BRDA:166,11,1,0
BRDA:170,12,0,0
BRDA:183,13,0,0
BRDA:191,14,0,0
BRDA:191,14,1,0
BRDA:191,14,2,0
BRDA:204,15,0,0
BRDA:218,16,0,0
BRDA:227,17,0,0
BRDA:227,17,1,0
BRDA:227,17,2,0
BRDA:227,17,3,0
BRDA:244,18,0,0
BRDA:255,19,0,0
BRDA:255,19,1,0
BRDA:280,20,0,0
BRDA:287,21,0,0
BRDA:287,22,0,0
BRDA:287,22,1,0
BRDA:301,23,0,0
BRDA:329,24,0,0
BRDA:329,24,1,0
BRDA:331,25,0,0
BRDA:337,26,0,0
BRDA:337,26,1,0
BRDA:337,26,2,0
BRDA:337,26,3,0
BRF:39
BRH:0
end_of_record
TN:
SF:src/briefings/whatsapp-sender.ts
FN:16,sendBriefing
FN:71,retryDelivery
FN:88,(anonymous_11)
FN:122,sendWhatsAppMessage
FN:153,logDelivery
FN:183,getDeliveryHistory
FN:235,getDeliveryStats
FN:248,(anonymous_16)
FN:249,(anonymous_17)
FN:250,(anonymous_18)
FN:265,checkDeliveryConfirmation
FNF:11
FNH:0
FNDA:0,sendBriefing
FNDA:0,retryDelivery
FNDA:0,(anonymous_11)
FNDA:0,sendWhatsAppMessage
FNDA:0,logDelivery
FNDA:0,getDeliveryHistory
FNDA:0,getDeliveryStats
FNDA:0,(anonymous_16)
FNDA:0,(anonymous_17)
FNDA:0,(anonymous_18)
FNDA:0,checkDeliveryConfirmation
DA:5,0
DA:6,0
DA:9,0
DA:10,0
DA:11,0
DA:16,0
DA:20,0
DA:22,0
DA:30,0
DA:32,0
DA:33,0
DA:36,0
DA:39,0
DA:41,0
DA:42,0
DA:43,0
DA:46,0
DA:48,0
DA:50,0
DA:53,0
DA:54,0
DA:57,0
DA:58,0
DA:62,0
DA:64,0
DA:76,0
DA:77,0
DA:79,0
DA:81,0
DA:88,0
DA:90,0
DA:91,0
DA:93,0
DA:94,0
DA:95,0
DA:97,0
DA:99,0
DA:101,0
DA:104,0
DA:105,0
DA:108,0
DA:109,0
DA:113,0
DA:115,0
DA:126,0
DA:133,0
DA:140,0
DA:142,0
DA:143,0
DA:157,0
DA:158,0
DA:170,0
DA:171,0
DA:174,0
DA:176,0
DA:183,0
DA:187,0
DA:189,0
DA:190,0
DA:191,0
DA:194,0
DA:196,0
DA:197,0
DA:198,0
DA:201,0
DA:203,0
DA:204,0
DA:205,0
DA:207,0
DA:208,0
DA:209,0
DA:210,0
DA:220,0
DA:226,0
DA:229,0
DA:235,0
DA:245,0
DA:247,0
DA:248,0
DA:249,0
DA:250,0
DA:251,0
DA:253,0
DA:265,0
DA:268,0
DA:269,0
DA:271,0
DA:272,0
DA:273,0
DA:276,0
DA:277,0
DA:279,0
DA:280,0
DA:281,0
DA:283,0
DA:284,0
DA:295,0
DA:300,0
DA:303,0
LF:99
LH:0
BRDA:32,0,0,0
BRDA:41,1,0,0
BRDA:41,1,1,0
BRDA:50,2,0,0
BRDA:50,2,1,0
BRDA:54,3,0,0
BRDA:54,3,1,0
BRDA:57,4,0,0
BRDA:93,5,0,0
BRDA:93,5,1,0
BRDA:101,6,0,0
BRDA:101,6,1,0
BRDA:105,7,0,0
BRDA:105,7,1,0
BRDA:108,8,0,0
BRDA:145,9,0,0
BRDA:145,9,1,0
BRDA:190,10,0,0
BRDA:197,11,0,0
BRDA:203,12,0,0
BRDA:203,13,0,0
BRDA:203,13,1,0
BRDA:216,14,0,0
BRDA:216,14,1,0
BRDA:251,15,0,0
BRDA:251,15,1,0
BRDA:272,16,0,0
BRDA:283,17,0,0
BRDA:290,18,0,0
BRDA:290,18,1,0
BRF:30
BRH:0
end_of_record
TN:
SF:src/config/defaults.ts
FN:212,getEnvironmentDefaults
FNF:1
FNH:1
FNDA:14,getEnvironmentDefaults
DA:11,1
DA:99,1
DA:142,1
DA:172,1
DA:212,1
DA:213,14
DA:214,14
LF:7
LH:7
BRDA:213,0,0,14
BRDA:213,0,1,0
BRDA:214,1,0,14
BRDA:214,1,1,0
BRF:4
BRH:2
end_of_record
TN:
SF:src/config/index.ts
FN:20,createConfig
FN:51,validateConfig
FN:96,ensureDirectories
FN:116,printConfigSummary
FN:131,(anonymous_9)
FN:146,loadConfig
FN:186,getConfigWithUtils
FN:204,getConfig
FN:214,resetConfig
FNF:9
FNH:0
FNDA:0,createConfig
FNDA:0,validateConfig
FNDA:0,ensureDirectories
FNDA:0,printConfigSummary
FNDA:0,(anonymous_9)
FNDA:0,loadConfig
FNDA:0,getConfigWithUtils
FNDA:0,getConfig
FNDA:0,resetConfig
DA:6,0
DA:7,0
DA:8,0
DA:9,0
DA:10,0
DA:11,0
DA:12,0
DA:15,0
DA:21,0
DA:22,0
DA:23,0
DA:24,0
DA:26,0
DA:53,0
DA:54,0
DA:61,0
DA:62,0
DA:70,0
DA:71,0
DA:79,0
DA:82,0
DA:83,0
DA:84,0
DA:97,0
DA:98,0
DA:100,0
DA:101,0
DA:102,0
DA:107,0
DA:108,0
DA:117,0
DA:118,0
DA:119,0
DA:120,0
DA:121,0
DA:123,0
DA:124,0
DA:126,0
DA:128,0
DA:129,0
DA:130,0
DA:131,0
DA:134,0
DA:135,0
DA:136,0
DA:137,0
DA:138,0
DA:146,0
DA:150,0
DA:152,0
DA:154,0
DA:157,0
DA:160,0
DA:161,0
DA:165,0
DA:166,0
DA:169,0
DA:171,0
DA:172,0
DA:173,0
DA:174,0
DA:175,0
DA:177,0
DA:179,0
DA:186,0
DA:187,0
DA:189,0
DA:198,0
DA:204,0
DA:205,0
DA:206,0
DA:208,0
DA:214,0
DA:215,0
DA:219,0
DA:220,0
DA:221,0
DA:222,0
DA:225,0
LF:79
LH:0
BRDA:21,0,0,0
BRDA:21,0,1,0
BRDA:28,1,0,0
BRDA:28,1,1,0
BRDA:29,2,0,0
BRDA:29,2,1,0
BRDA:34,3,0,0
BRDA:34,3,1,0
BRDA:36,4,0,0
BRDA:36,4,1,0
BRDA:53,5,0,0
BRDA:61,6,0,0
BRDA:70,7,0,0
BRDA:83,8,0,0
BRDA:101,9,0,0
BRDA:107,10,0,0
BRDA:107,11,0,0
BRDA:107,11,1,0
BRDA:126,12,0,0
BRDA:126,12,1,0
BRDA:129,13,0,0
BRDA:129,14,0,0
BRDA:129,14,1,0
BRDA:135,15,0,0
BRDA:135,15,1,0
BRDA:136,16,0,0
BRDA:136,16,1,0
BRDA:137,17,0,0
BRDA:137,17,1,0
BRDA:146,18,0,0
BRDA:150,19,0,0
BRDA:150,20,0,0
BRDA:160,21,0,0
BRDA:165,22,0,0
BRDA:171,23,0,0
BRDA:174,24,0,0
BRDA:205,25,0,0
BRF:37
BRH:0
end_of_record
TN:
SF:src/config/integrations.ts
FN:12,createIntegrationConfig
FN:38,validateIntegrationConfig
FN:71,(anonymous_2)
FN:76,(anonymous_3)
FN:83,(anonymous_4)
FN:90,(anonymous_5)
FN:97,(anonymous_6)
FN:116,(anonymous_7)
FN:128,(anonymous_8)
FN:139,(anonymous_9)
FNF:10
FNH:0
FNDA:0,createIntegrationConfig
FNDA:0,validateIntegrationConfig
FNDA:0,(anonymous_2)
FNDA:0,(anonymous_3)
FNDA:0,(anonymous_4)
FNDA:0,(anonymous_5)
FNDA:0,(anonymous_6)
FNDA:0,(anonymous_7)
FNDA:0,(anonymous_8)
FNDA:0,(anonymous_9)
DA:7,0
DA:12,0
DA:13,0
DA:38,0
DA:40,0
DA:41,0
DA:49,0
DA:50,0
DA:58,0
DA:59,0
DA:70,0
DA:71,0
DA:77,0
DA:84,0
DA:91,0
DA:98,0
DA:100,0
DA:101,0
DA:103,0
DA:104,0
DA:106,0
DA:107,0
DA:110,0
DA:117,0
DA:122,0
DA:129,0
DA:140,0
DA:142,0
DA:143,0
DA:148,0
DA:149,0
DA:154,0
DA:155,0
DA:160,0
DA:161,0
DA:164,0
LF:36
LH:0
BRDA:23,0,0,0
BRDA:23,0,1,0
BRDA:40,1,0,0
BRDA:40,2,0,0
BRDA:40,2,1,0
BRDA:49,3,0,0
BRDA:49,4,0,0
BRDA:49,4,1,0
BRDA:58,5,0,0
BRDA:58,6,0,0
BRDA:58,6,1,0
BRDA:77,7,0,0
BRDA:77,7,1,0
BRDA:84,8,0,0
BRDA:84,8,1,0
BRDA:91,9,0,0
BRDA:91,9,1,0
BRDA:100,10,0,0
BRDA:103,11,0,0
BRDA:106,12,0,0
BRDA:142,13,0,0
BRDA:148,14,0,0
BRDA:154,15,0,0
BRDA:160,16,0,0
BRF:24
BRH:0
end_of_record
TN:
SF:src/config/loader.ts
FN:19,(anonymous_9)
FN:32,(anonymous_10)
FN:57,(anonymous_11)
FN:73,(anonymous_12)
FN:92,(anonymous_13)
FN:153,(anonymous_14)
FN:160,(anonymous_15)
FN:182,(anonymous_16)
FN:189,(anonymous_17)
FN:194,(anonymous_18)
FN:200,(anonymous_19)
FN:207,(anonymous_20)
FN:235,(anonymous_21)
FN:242,(anonymous_22)
FN:260,(anonymous_23)
FN:284,getConfig
FN:295,reloadConfig
FN:303,exportConfig
FNF:18
FNH:14
FNDA:13,(anonymous_9)
FNDA:11,(anonymous_10)
FNDA:11,(anonymous_11)
FNDA:11,(anonymous_12)
FNDA:11,(anonymous_13)
FNDA:33,(anonymous_14)
FNDA:66,(anonymous_15)
FNDA:275,(anonymous_16)
FNDA:11,(anonymous_17)
FNDA:0,(anonymous_18)
FNDA:5,(anonymous_19)
FNDA:2,(anonymous_20)
FNDA:1,(anonymous_21)
FNDA:3,(anonymous_22)
FNDA:2,(anonymous_23)
FNDA:0,getConfig
FNDA:0,reloadConfig
FNDA:0,exportConfig
DA:6,1
DA:7,1
DA:8,1
DA:9,1
DA:10,1
DA:15,1
DA:20,13
DA:21,13
DA:34,11
DA:37,11
DA:40,11
DA:43,11
DA:46,11
DA:49,11
DA:51,11
DA:58,11
DA:59,11
DA:60,0
DA:64,11
DA:65,11
DA:66,0
DA:74,11
DA:75,44
DA:76,44
DA:77,22
DA:78,22
DA:79,22
DA:80,22
DA:81,22
DA:83,0
DA:94,11
DA:95,6
DA:97,11
DA:98,0
DA:99,0
DA:101,0
DA:103,11
DA:104,0
DA:105,0
DA:107,0
DA:109,11
DA:110,0
DA:111,0
DA:113,0
DA:117,11
DA:118,0
DA:120,11
DA:121,0
DA:123,11
DA:124,4
DA:128,11
DA:129,1
DA:130,1
DA:132,11
DA:133,0
DA:137,11
DA:138,11
DA:142,11
DA:143,0
DA:145,11
DA:146,0
DA:154,33
DA:161,66
DA:163,66
DA:164,198
DA:165,198
DA:166,198
DA:168,198
DA:169,33
DA:170,165
DA:171,165
DA:176,66
DA:183,275
DA:190,11
DA:192,11
DA:193,0
DA:194,0
DA:195,0
DA:198,11
DA:199,5
DA:200,5
DA:208,2
DA:209,2
DA:212,2
DA:213,0
DA:217,2
DA:218,2
DA:219,2
DA:221,2
DA:222,0
DA:224,2
DA:225,0
DA:228,2
DA:229,2
DA:236,1
DA:243,3
DA:244,3
DA:246,3
DA:247,6
DA:248,5
DA:250,1
DA:254,2
DA:261,2
DA:262,2
DA:263,2
DA:265,2
DA:266,3
DA:267,0
DA:269,3
DA:272,2
DA:279,1
DA:284,1
DA:285,0
DA:286,0
DA:287,0
DA:289,0
DA:295,1
DA:296,0
DA:297,0
DA:303,1
DA:304,0
DA:305,0
LF:122
LH:90
BRDA:59,0,0,0
BRDA:65,1,0,0
BRDA:76,2,0,22
BRDA:94,3,0,6
BRDA:97,4,0,0
BRDA:98,5,0,0
BRDA:103,6,0,0
BRDA:104,7,0,0
BRDA:109,8,0,0
BRDA:110,9,0,0
BRDA:117,10,0,0
BRDA:120,11,0,0
BRDA:123,12,0,4
BRDA:128,13,0,1
BRDA:132,14,0,0
BRDA:137,15,0,11
BRDA:142,16,0,0
BRDA:145,17,0,0
BRDA:164,18,0,198
BRDA:168,19,0,33
BRDA:168,19,1,165
BRDA:168,20,0,198
BRDA:168,20,1,77
BRDA:170,21,0,165
BRDA:183,22,0,275
BRDA:183,22,1,275
BRDA:183,22,2,154
BRDA:192,23,0,0
BRDA:198,24,0,5
BRDA:212,25,0,0
BRDA:218,26,0,2
BRDA:221,27,0,0
BRDA:224,28,0,0
BRDA:247,29,0,5
BRDA:247,29,1,1
BRDA:247,30,0,6
BRDA:247,30,1,6
BRDA:247,30,2,6
BRDA:266,31,0,0
BRDA:285,32,0,0
BRF:40
BRH:21
end_of_record
TN:
SF:src/config/settings.ts
FN:143,(anonymous_0)
FN:197,(anonymous_1)
FNF:2
FNH:1
FNDA:17,(anonymous_0)
FNDA:0,(anonymous_1)
DA:139,1
DA:144,17
DA:145,17
DA:148,17
DA:149,17
DA:150,0
DA:152,17
DA:153,1
DA:158,17
DA:159,17
DA:160,7
DA:162,17
DA:163,0
DA:165,17
DA:166,0
DA:171,17
DA:172,17
DA:173,0
DA:175,17
DA:176,0
DA:181,17
DA:182,17
DA:183,0
DA:187,17
DA:198,0
DA:199,0
LF:26
LH:18
BRDA:148,0,0,17
BRDA:149,1,0,0
BRDA:152,2,0,1
BRDA:158,3,0,17
BRDA:159,4,0,7
BRDA:159,5,0,17
BRDA:159,5,1,8
BRDA:162,6,0,0
BRDA:165,7,0,0
BRDA:165,8,0,17
BRDA:165,8,1,17
BRDA:171,9,0,17
BRDA:172,10,0,0
BRDA:172,11,0,17
BRDA:172,11,1,0
BRDA:175,12,0,0
BRDA:181,13,0,17
BRDA:182,14,0,0
BRDA:182,15,0,17
BRDA:182,15,1,0
BRF:20
BRH:12
end_of_record
TN:
SF:src/config/templates.ts
FN:12,createTemplateConfig
FN:41,(anonymous_2)
FN:50,(anonymous_3)
FN:59,(anonymous_4)
FN:69,(anonymous_5)
FN:132,(anonymous_6)
FN:139,(anonymous_7)
FN:148,(anonymous_8)
FN:158,(anonymous_9)
FN:174,(anonymous_10)
FN:183,(anonymous_11)
FNF:11
FNH:0
FNDA:0,createTemplateConfig
FNDA:0,(anonymous_2)
FNDA:0,(anonymous_3)
FNDA:0,(anonymous_4)
FNDA:0,(anonymous_5)
FNDA:0,(anonymous_6)
FNDA:0,(anonymous_7)
FNDA:0,(anonymous_8)
FNDA:0,(anonymous_9)
FNDA:0,(anonymous_10)
FNDA:0,(anonymous_11)
DA:7,0
DA:12,0
DA:13,0
DA:15,0
DA:35,0
DA:42,0
DA:51,0
DA:60,0
DA:70,0
DA:71,0
DA:78,0
DA:107,0
DA:131,0
DA:132,0
DA:140,0
DA:149,0
DA:159,0
DA:161,0
DA:162,0
DA:163,0
DA:166,0
DA:175,0
DA:184,0
DA:191,0
LF:24
LH:0
BRDA:13,0,0,0
BRDA:13,0,1,0
BRDA:70,1,0,0
BRDA:70,1,1,0
BRDA:175,2,0,0
BRDA:175,2,1,0
BRDA:184,3,0,0
BRDA:184,3,1,0
BRF:8
BRH:0
end_of_record
TN:
SF:src/integrations/calendar/event-parser.ts
FN:42,(anonymous_0)
FN:75,(anonymous_1)
FN:84,(anonymous_2)
FN:105,(anonymous_3)
FN:131,(anonymous_4)
FN:151,(anonymous_5)
FN:166,(anonymous_6)
FN:195,(anonymous_7)
FN:207,(anonymous_8)
FN:236,(anonymous_9)
FN:252,(anonymous_10)
FN:274,(anonymous_11)
FN:292,(anonymous_12)
FN:295,(anonymous_13)
FN:320,(anonymous_14)
FN:348,(anonymous_15)
FN:351,(anonymous_16)
FN:362,(anonymous_17)
FN:384,(anonymous_18)
FN:388,(anonymous_19)
FN:393,(anonymous_20)
FN:400,(anonymous_21)
FN:414,(anonymous_22)
FN:429,(anonymous_23)
FN:434,(anonymous_24)
FN:441,(anonymous_25)
FN:445,(anonymous_26)
FN:456,(anonymous_27)
FN:487,createEventParser
FNF:29
FNH:0
FNDA:0,(anonymous_0)
FNDA:0,(anonymous_1)
FNDA:0,(anonymous_2)
FNDA:0,(anonymous_3)
FNDA:0,(anonymous_4)
FNDA:0,(anonymous_5)
FNDA:0,(anonymous_6)
FNDA:0,(anonymous_7)
FNDA:0,(anonymous_8)
FNDA:0,(anonymous_9)
FNDA:0,(anonymous_10)
FNDA:0,(anonymous_11)
FNDA:0,(anonymous_12)
FNDA:0,(anonymous_13)
FNDA:0,(anonymous_14)
FNDA:0,(anonymous_15)
FNDA:0,(anonymous_16)
FNDA:0,(anonymous_17)
FNDA:0,(anonymous_18)
FNDA:0,(anonymous_19)
FNDA:0,(anonymous_20)
FNDA:0,(anonymous_21)
FNDA:0,(anonymous_22)
FNDA:0,(anonymous_23)
FNDA:0,(anonymous_24)
FNDA:0,(anonymous_25)
FNDA:0,(anonymous_26)
FNDA:0,(anonymous_27)
FNDA:0,createEventParser
DA:38,0
DA:43,0
DA:52,0
DA:53,0
DA:54,0
DA:57,0
DA:58,0
DA:59,0
DA:62,0
DA:63,0
DA:64,0
DA:67,0
DA:69,0
DA:76,0
DA:84,0
DA:85,0
DA:86,0
DA:87,0
DA:88,0
DA:89,0
DA:90,0
DA:94,0
DA:95,0
DA:96,0
DA:97,0
DA:99,0
DA:106,0
DA:107,0
DA:110,0
DA:111,0
DA:124,0
DA:128,0
DA:129,0
DA:131,0
DA:142,0
DA:145,0
DA:152,0
DA:154,0
DA:157,0
DA:166,0
DA:168,0
DA:169,0
DA:170,0
DA:171,0
DA:184,0
DA:189,0
DA:196,0
DA:198,0
DA:200,0
DA:207,0
DA:209,0
DA:210,0
DA:211,0
DA:212,0
DA:225,0
DA:230,0
DA:240,0
DA:249,0
DA:252,0
DA:253,0
DA:254,0
DA:255,0
DA:259,0
DA:260,0
DA:261,0
DA:262,0
DA:264,0
DA:269,0
DA:276,0
DA:279,0
DA:282,0
DA:291,0
DA:292,0
DA:296,0
DA:298,0
DA:300,0
DA:301,0
DA:304,0
DA:305,0
DA:308,0
DA:309,0
DA:310,0
DA:311,0
DA:313,0
DA:314,0
DA:317,0
DA:322,0
DA:325,0
DA:347,0
DA:348,0
DA:352,0
DA:363,0
DA:369,0
DA:370,0
DA:371,0
DA:372,0
DA:373,0
DA:374,0
DA:375,0
DA:381,0
DA:385,0
DA:387,0
DA:388,0
DA:389,0
DA:392,0
DA:393,0
DA:394,0
DA:397,0
DA:402,0
DA:405,0
DA:408,0
DA:409,0
DA:411,0
DA:415,0
DA:418,0
DA:419,0
DA:421,0
DA:422,0
DA:423,0
DA:424,0
DA:428,0
DA:429,0
DA:430,0
DA:433,0
DA:434,0
DA:435,0
DA:438,0
DA:442,0
DA:443,0
DA:445,0
DA:446,0
DA:447,0
DA:448,0
DA:449,0
DA:453,0
DA:457,0
DA:459,0
DA:460,0
DA:463,0
DA:464,0
DA:467,0
DA:468,0
DA:471,0
DA:472,0
DA:475,0
DA:476,0
DA:477,0
DA:480,0
DA:487,0
DA:488,0
LF:150
LH:0
BRDA:107,0,0,0
BRDA:107,0,1,0
BRDA:110,1,0,0
BRDA:116,2,0,0
BRDA:116,2,1,0
BRDA:119,3,0,0
BRDA:119,3,1,0
BRDA:128,4,0,0
BRDA:128,5,0,0
BRDA:128,5,1,0
BRDA:134,6,0,0
BRDA:134,6,1,0
BRDA:137,7,0,0
BRDA:137,7,1,0
BRDA:154,8,0,0
BRDA:169,9,0,0
BRDA:169,9,1,0
BRDA:170,10,0,0
BRDA:170,11,0,0
BRDA:170,11,1,0
BRDA:176,12,0,0
BRDA:176,12,1,0
BRDA:179,13,0,0
BRDA:179,13,1,0
BRDA:198,14,0,0
BRDA:211,15,0,0
BRDA:211,16,0,0
BRDA:211,16,1,0
BRDA:217,17,0,0
BRDA:217,17,1,0
BRDA:220,18,0,0
BRDA:220,18,1,0
BRDA:276,19,0,0
BRDA:276,20,0,0
BRDA:276,20,1,0
BRDA:279,21,0,0
BRDA:279,22,0,0
BRDA:279,22,1,0
BRDA:300,23,0,0
BRDA:304,24,0,0
BRDA:304,25,0,0
BRDA:304,25,1,0
BRDA:313,26,0,0
BRDA:322,27,0,0
BRDA:371,28,0,0
BRDA:374,29,0,0
BRDA:388,30,0,0
BRDA:393,31,0,0
BRDA:402,32,0,0
BRDA:402,33,0,0
BRDA:402,33,1,0
BRDA:405,34,0,0
BRDA:409,35,0,0
BRDA:409,36,0,0
BRDA:409,36,1,0
BRDA:421,37,0,0
BRDA:424,38,0,0
BRDA:424,38,1,0
BRDA:429,39,0,0
BRDA:434,40,0,0
BRDA:447,41,0,0
BRDA:459,42,0,0
BRDA:463,43,0,0
BRDA:467,44,0,0
BRDA:467,45,0,0
BRDA:467,45,1,0
BRDA:471,46,0,0
BRDA:471,47,0,0
BRDA:471,47,1,0
BRDA:476,48,0,0
BRF:70
BRH:0
end_of_record
TN:
SF:src/integrations/calendar/index.ts
FN:6,(anonymous_0)
FN:6,(anonymous_1)
FN:7,(anonymous_2)
FN:7,(anonymous_3)
FN:8,(anonymous_4)
FN:8,(anonymous_5)
FN:9,(anonymous_6)
FN:9,(anonymous_7)
FNF:8
FNH:0
FNDA:0,(anonymous_0)
FNDA:0,(anonymous_1)
FNDA:0,(anonymous_2)
FNDA:0,(anonymous_3)
FNDA:0,(anonymous_4)
FNDA:0,(anonymous_5)
FNDA:0,(anonymous_6)
FNDA:0,(anonymous_7)
DA:6,0
DA:7,0
DA:8,0
DA:9,0
LF:4
LH:0
BRF:0
BRH:0
end_of_record
TN:
SF:src/integrations/gmail/email-to-task.ts
FN:12,(anonymous_0)
FN:19,(anonymous_1)
FN:34,(anonymous_2)
FN:50,(anonymous_3)
FN:93,(anonymous_4)
FN:121,(anonymous_5)
FN:132,(anonymous_6)
FN:141,(anonymous_7)
FN:158,(anonymous_8)
FN:159,(anonymous_9)
FN:163,(anonymous_10)
FN:177,(anonymous_11)
FN:208,(anonymous_12)
FN:242,(anonymous_13)
FN:266,(anonymous_14)
FN:276,(anonymous_15)
FN:289,(anonymous_16)
FN:291,(anonymous_17)
FN:297,(anonymous_18)
FNF:19
FNH:0
FNDA:0,(anonymous_0)
FNDA:0,(anonymous_1)
FNDA:0,(anonymous_2)
FNDA:0,(anonymous_3)
FNDA:0,(anonymous_4)
FNDA:0,(anonymous_5)
FNDA:0,(anonymous_6)
FNDA:0,(anonymous_7)
FNDA:0,(anonymous_8)
FNDA:0,(anonymous_9)
FNDA:0,(anonymous_10)
FNDA:0,(anonymous_11)
FNDA:0,(anonymous_12)
FNDA:0,(anonymous_13)
FNDA:0,(anonymous_14)
FNDA:0,(anonymous_15)
FNDA:0,(anonymous_16)
FNDA:0,(anonymous_17)
FNDA:0,(anonymous_18)
DA:7,0
DA:9,0
DA:13,0
DA:20,0
DA:23,0
DA:24,0
DA:27,0
DA:28,0
DA:35,0
DA:37,0
DA:38,0
DA:39,0
DA:40,0
DA:44,0
DA:51,0
DA:54,0
DA:57,0
DA:60,0
DA:63,0
DA:68,0
DA:69,0
DA:70,0
DA:72,0
DA:94,0
DA:97,0
DA:98,0
DA:99,0
DA:100,0
DA:105,0
DA:108,0
DA:111,0
DA:112,0
DA:115,0
DA:122,0
DA:123,0
DA:126,0
DA:127,0
DA:130,0
DA:131,0
DA:132,0
DA:133,0
DA:135,0
DA:139,0
DA:140,0
DA:141,0
DA:142,0
DA:144,0
DA:148,0
DA:149,0
DA:150,0
DA:152,0
DA:159,0
DA:161,0
DA:163,0
DA:167,0
DA:168,0
DA:171,0
DA:179,0
DA:180,0
DA:183,0
DA:186,0
DA:187,0
DA:188,0
DA:192,0
DA:194,0
DA:195,0
DA:196,0
DA:197,0
DA:202,0
DA:210,0
DA:211,0
DA:214,0
DA:217,0
DA:225,0
DA:226,0
DA:227,0
DA:232,0
DA:233,0
DA:236,0
DA:243,0
DA:246,0
DA:249,0
DA:250,0
DA:254,0
DA:255,0
DA:256,0
DA:260,0
DA:267,0
DA:277,0
DA:278,0
DA:279,0
DA:281,0
DA:283,0
DA:290,0
DA:291,0
DA:303,0
DA:304,0
DA:306,0
DA:307,0
DA:308,0
DA:309,0
DA:310,0
DA:311,0
DA:312,0
DA:316,0
LF:105
LH:0
BRDA:19,0,0,0
BRDA:23,1,0,0
BRDA:23,2,0,0
BRDA:23,2,1,0
BRDA:34,3,0,0
BRDA:39,4,0,0
BRDA:63,5,0,0
BRDA:63,5,1,0
BRDA:97,6,0,0
BRDA:99,7,0,0
BRDA:111,8,0,0
BRDA:130,9,0,0
BRDA:139,10,0,0
BRDA:161,11,0,0
BRDA:167,12,0,0
BRDA:179,13,0,0
BRDA:187,14,0,0
BRDA:192,15,0,0
BRDA:196,16,0,0
BRDA:196,17,0,0
BRDA:196,17,1,0
BRDA:210,18,0,0
BRDA:226,19,0,0
BRDA:232,20,0,0
BRDA:232,21,0,0
BRDA:232,21,1,0
BRDA:249,22,0,0
BRDA:249,23,0,0
BRDA:249,23,1,0
BRDA:255,24,0,0
BRDA:278,25,0,0
BRDA:291,26,0,0
BRDA:291,26,1,0
BRDA:291,26,2,0
BRDA:308,27,0,0
BRDA:308,27,1,0
BRDA:311,28,0,0
BRF:37
BRH:0
end_of_record
TN:
SF:src/integrations/gmail/index.ts
FN:6,(anonymous_0)
FN:7,(anonymous_1)
FN:8,(anonymous_2)
FN:9,(anonymous_3)
FNF:4
FNH:0
FNDA:0,(anonymous_0)
FNDA:0,(anonymous_1)
FNDA:0,(anonymous_2)
FNDA:0,(anonymous_3)
DA:6,0
DA:7,0
DA:8,0
DA:9,0
LF:4
LH:0
BRF:0
BRH:0
end_of_record
TN:
SF:src/integrations/todoist/client.ts
FN:26,(anonymous_1)
FN:44,(anonymous_2)
FN:48,(anonymous_3)
FN:57,(anonymous_4)
FN:66,(anonymous_5)
FN:71,(anonymous_6)
FN:77,(anonymous_7)
FN:80,(anonymous_8)
FN:81,(anonymous_9)
FN:96,(anonymous_10)
FN:108,(anonymous_11)
FN:115,(anonymous_12)
FN:128,(anonymous_13)
FN:133,(anonymous_14)
FN:143,(anonymous_15)
FN:144,(anonymous_16)
FN:154,(anonymous_17)
FN:155,(anonymous_18)
FN:165,(anonymous_19)
FN:166,(anonymous_20)
FN:176,(anonymous_21)
FN:177,(anonymous_22)
FN:186,(anonymous_23)
FN:187,(anonymous_24)
FN:196,(anonymous_25)
FN:197,(anonymous_26)
FN:208,(anonymous_27)
FN:209,(anonymous_28)
FN:219,(anonymous_29)
FN:220,(anonymous_30)
FN:230,(anonymous_31)
FN:231,(anonymous_32)
FN:243,(anonymous_33)
FN:244,(anonymous_34)
FN:254,(anonymous_35)
FN:255,(anonymous_36)
FN:267,(anonymous_37)
FN:268,(anonymous_38)
FN:280,(anonymous_39)
FN:281,(anonymous_40)
FN:296,(anonymous_41)
FN:301,(anonymous_42)
FN:326,(anonymous_43)
FN:330,(anonymous_44)
FNF:44
FNH:0
FNDA:0,(anonymous_1)
FNDA:0,(anonymous_2)
FNDA:0,(anonymous_3)
FNDA:0,(anonymous_4)
FNDA:0,(anonymous_5)
FNDA:0,(anonymous_6)
FNDA:0,(anonymous_7)
FNDA:0,(anonymous_8)
FNDA:0,(anonymous_9)
FNDA:0,(anonymous_10)
FNDA:0,(anonymous_11)
FNDA:0,(anonymous_12)
FNDA:0,(anonymous_13)
FNDA:0,(anonymous_14)
FNDA:0,(anonymous_15)
FNDA:0,(anonymous_16)
FNDA:0,(anonymous_17)
FNDA:0,(anonymous_18)
FNDA:0,(anonymous_19)
FNDA:0,(anonymous_20)
FNDA:0,(anonymous_21)
FNDA:0,(anonymous_22)
FNDA:0,(anonymous_23)
FNDA:0,(anonymous_24)
FNDA:0,(anonymous_25)
FNDA:0,(anonymous_26)
FNDA:0,(anonymous_27)
FNDA:0,(anonymous_28)
FNDA:0,(anonymous_29)
FNDA:0,(anonymous_30)
FNDA:0,(anonymous_31)
FNDA:0,(anonymous_32)
FNDA:0,(anonymous_33)
FNDA:0,(anonymous_34)
FNDA:0,(anonymous_35)
FNDA:0,(anonymous_36)
FNDA:0,(anonymous_37)
FNDA:0,(anonymous_38)
FNDA:0,(anonymous_39)
FNDA:0,(anonymous_40)
FNDA:0,(anonymous_41)
FNDA:0,(anonymous_42)
FNDA:0,(anonymous_43)
FNDA:0,(anonymous_44)
DA:8,0
DA:20,0
DA:23,0
DA:24,0
DA:26,0
DA:27,0
DA:36,0
DA:43,0
DA:45,0
DA:46,0
DA:49,0
DA:50,0
DA:52,0
DA:58,0
DA:59,0
DA:61,0
DA:62,0
DA:67,0
DA:68,0
DA:69,0
DA:70,0
DA:71,0
DA:72,0
DA:78,0
DA:80,0
DA:81,0
DA:82,0
DA:83,0
DA:84,0
DA:86,0
DA:90,0
DA:91,0
DA:97,0
DA:98,0
DA:101,0
DA:103,0
DA:104,0
DA:105,0
DA:106,0
DA:108,0
DA:112,0
DA:116,0
DA:117,0
DA:118,0
DA:119,0
DA:120,0
DA:122,0
DA:133,0
DA:134,0
DA:135,0
DA:136,0
DA:138,0
DA:144,0
DA:145,0
DA:146,0
DA:147,0
DA:149,0
DA:155,0
DA:156,0
DA:157,0
DA:158,0
DA:160,0
DA:166,0
DA:167,0
DA:168,0
DA:169,0
DA:171,0
DA:177,0
DA:178,0
DA:179,0
DA:181,0
DA:187,0
DA:188,0
DA:189,0
DA:191,0
DA:197,0
DA:198,0
DA:199,0
DA:201,0
DA:209,0
DA:210,0
DA:211,0
DA:212,0
DA:214,0
DA:220,0
DA:221,0
DA:222,0
DA:223,0
DA:225,0
DA:231,0
DA:232,0
DA:233,0
DA:234,0
DA:236,0
DA:244,0
DA:245,0
DA:246,0
DA:247,0
DA:249,0
DA:255,0
DA:256,0
DA:257,0
DA:258,0
DA:260,0
DA:268,0
DA:269,0
DA:270,0
DA:273,0
DA:275,0
DA:281,0
DA:282,0
DA:283,0
DA:287,0
DA:289,0
DA:301,0
DA:302,0
DA:303,0
DA:311,0
DA:317,0
DA:319,0
DA:327,0
DA:331,0
DA:332,0
DA:333,0
DA:335,0
DA:336,0
LF:126
LH:0
BRDA:49,0,0,0
BRDA:58,1,0,0
BRDA:61,2,0,0
BRDA:67,3,0,0
BRDA:69,4,0,0
BRDA:90,5,0,0
BRDA:97,6,0,0
BRDA:97,7,0,0
BRDA:97,7,1,0
BRDA:105,8,0,0
BRDA:116,9,0,0
BRDA:116,9,1,0
BRDA:119,10,0,0
BRDA:119,10,1,0
BRDA:297,11,0,0
BRDA:298,12,0,0
BRDA:299,13,0,0
BRDA:314,14,0,0
BRDA:314,14,1,0
BRF:19
BRH:0
end_of_record
TN:
SF:src/types/config.ts
FN:216,(anonymous_0)
FNF:1
FNH:0
FNDA:0,(anonymous_0)
DA:215,0
DA:218,0
DA:219,0
DA:221,0
DA:222,0
LF:5
LH:0
BRF:0
BRH:0
end_of_record
TN:
SF:src/utils/date-helpers.ts
FN:9,getISOWeek
FN:21,getWeekBounds
FN:36,getDatesInWeek
FN:52,getWeeksInMonth
FN:71,formatDate
FN:81,formatWeek
FN:88,formatMonth
FN:95,parseDate
FN:106,parseWeek
FN:117,parseMonth
FN:128,getMonthName
FN:139,getDayName
FN:147,isToday
FN:155,isCurrentWeek
FN:165,getRelativeDateDescription
FN:182,getDateRange
FN:197,getDateWithOffset
FNF:17
FNH:0
FNDA:0,getISOWeek
FNDA:0,getWeekBounds
FNDA:0,getDatesInWeek
FNDA:0,getWeeksInMonth
FNDA:0,formatDate
FNDA:0,formatWeek
FNDA:0,formatMonth
FNDA:0,parseDate
FNDA:0,parseWeek
FNDA:0,parseMonth
FNDA:0,getMonthName
FNDA:0,getDayName
FNDA:0,isToday
FNDA:0,isCurrentWeek
FNDA:0,getRelativeDateDescription
FNDA:0,getDateRange
FNDA:0,getDateWithOffset
DA:9,0
DA:10,0
DA:11,0
DA:12,0
DA:13,0
DA:14,0
DA:15,0
DA:21,0
DA:22,0
DA:23,0
DA:24,0
DA:25,0
DA:27,0
DA:28,0
DA:30,0
DA:36,0
DA:37,0
DA:38,0
DA:40,0
DA:41,0
DA:42,0
DA:43,0
DA:46,0
DA:52,0
DA:53,0
DA:54,0
DA:56,0
DA:57,0
DA:59,0
DA:60,0
DA:61,0
DA:62,0
DA:65,0
DA:71,0
DA:72,0
DA:73,0
DA:74,0
DA:75,0
DA:81,0
DA:82,0
DA:88,0
DA:89,0
DA:95,0
DA:96,0
DA:97,0
DA:99,0
DA:100,0
DA:106,0
DA:107,0
DA:108,0
DA:110,0
DA:111,0
DA:117,0
DA:118,0
DA:119,0
DA:121,0
DA:122,0
DA:128,0
DA:129,0
DA:133,0
DA:139,0
DA:140,0
DA:141,0
DA:147,0
DA:148,0
DA:149,0
DA:155,0
DA:156,0
DA:157,0
DA:158,0
DA:159,0
DA:165,0
DA:166,0
DA:167,0
DA:168,0
DA:170,0
DA:171,0
DA:172,0
DA:173,0
DA:174,0
DA:176,0
DA:182,0
DA:183,0
DA:184,0
DA:186,0
DA:187,0
DA:188,0
DA:191,0
DA:197,0
DA:198,0
DA:199,0
DA:200,0
LF:92
LH:0
BRDA:11,0,0,0
BRDA:11,0,1,0
BRDA:23,1,0,0
BRDA:23,1,1,0
BRDA:97,2,0,0
BRDA:108,3,0,0
BRDA:119,4,0,0
BRDA:133,5,0,0
BRDA:133,5,1,0
BRDA:159,6,0,0
BRDA:159,6,1,0
BRDA:170,7,0,0
BRDA:171,8,0,0
BRDA:172,9,0,0
BRDA:173,10,0,0
BRDA:173,11,0,0
BRDA:173,11,1,0
BRDA:174,12,0,0
BRDA:174,13,0,0
BRDA:174,13,1,0
BRF:20
BRH:0
end_of_record
